{"C:\\Users\\Utilisateur\\Documents\\Dev\\www\\Home2Air-API__\\server.js": {"path":"C:\\Users\\Utilisateur\\Documents\\Dev\\www\\Home2Air-API__\\server.js","statementMap":{"0":{"start":{"line":1,"column":16},"end":{"line":1,"column":34}},"1":{"start":{"line":5,"column":12},"end":{"line":5,"column":21}},"2":{"start":{"line":8,"column":0},"end":{"line":8,"column":48}},"3":{"start":{"line":9,"column":0},"end":{"line":9,"column":24}},"4":{"start":{"line":11,"column":0},"end":{"line":30,"column":1}},"5":{"start":{"line":12,"column":1},"end":{"line":25,"column":39}},"6":{"start":{"line":27,"column":1},"end":{"line":27,"column":61}},"7":{"start":{"line":27,"column":24},"end":{"line":27,"column":59}},"8":{"start":{"line":29,"column":1},"end":{"line":29,"column":29}},"9":{"start":{"line":31,"column":1},"end":{"line":31,"column":21}}},"fnMap":{"0":{"name":"(anonymous_0)","decl":{"start":{"line":27,"column":18},"end":{"line":27,"column":19}},"loc":{"start":{"line":27,"column":24},"end":{"line":27,"column":59}},"line":27}},"branchMap":{},"s":{"0":11,"1":11,"2":11,"3":11,"4":11,"5":11,"6":11,"7":0,"8":0,"9":11},"f":{"0":0},"b":{},"_coverageSchema":"1a1c01bbd47fc00a2c39e90264f33305004495a9","hash":"6cd9ba3cc1b1227f516160b0e45a550b4a2259a8"}
,"C:\\Users\\Utilisateur\\Documents\\Dev\\www\\Home2Air-API__\\controllers\\authController.js": {"path":"C:\\Users\\Utilisateur\\Documents\\Dev\\www\\Home2Air-API__\\controllers\\authController.js","statementMap":{"0":{"start":{"line":1,"column":11},"end":{"line":1,"column":31}},"1":{"start":{"line":2,"column":13},"end":{"line":2,"column":20}},"2":{"start":{"line":3,"column":11},"end":{"line":3,"column":26}},"3":{"start":{"line":4,"column":12},"end":{"line":4,"column":35}},"4":{"start":{"line":5,"column":15},"end":{"line":5,"column":32}},"5":{"start":{"line":6,"column":17},"end":{"line":6,"column":39}},"6":{"start":{"line":8,"column":0},"end":{"line":33,"column":1}},"7":{"start":{"line":9,"column":15},"end":{"line":9,"column":29}},"8":{"start":{"line":11,"column":1},"end":{"line":32,"column":50}},"9":{"start":{"line":13,"column":2},"end":{"line":15,"column":3}},"10":{"start":{"line":14,"column":3},"end":{"line":14,"column":70}},"11":{"start":{"line":16,"column":2},"end":{"line":30,"column":52}},"12":{"start":{"line":18,"column":4},"end":{"line":20,"column":5}},"13":{"start":{"line":19,"column":5},"end":{"line":19,"column":72}},"14":{"start":{"line":21,"column":4},"end":{"line":28,"column":7}},"15":{"start":{"line":30,"column":19},"end":{"line":30,"column":50}},"16":{"start":{"line":32,"column":17},"end":{"line":32,"column":48}}},"fnMap":{"0":{"name":"(anonymous_0)","decl":{"start":{"line":8,"column":16},"end":{"line":8,"column":17}},"loc":{"start":{"line":8,"column":30},"end":{"line":33,"column":1}},"line":8},"1":{"name":"(anonymous_1)","decl":{"start":{"line":12,"column":7},"end":{"line":12,"column":8}},"loc":{"start":{"line":12,"column":15},"end":{"line":31,"column":2}},"line":12},"2":{"name":"(anonymous_2)","decl":{"start":{"line":17,"column":9},"end":{"line":17,"column":10}},"loc":{"start":{"line":17,"column":18},"end":{"line":29,"column":4}},"line":17},"3":{"name":"(anonymous_3)","decl":{"start":{"line":30,"column":10},"end":{"line":30,"column":11}},"loc":{"start":{"line":30,"column":19},"end":{"line":30,"column":50}},"line":30},"4":{"name":"(anonymous_4)","decl":{"start":{"line":32,"column":8},"end":{"line":32,"column":9}},"loc":{"start":{"line":32,"column":17},"end":{"line":32,"column":48}},"line":32}},"branchMap":{"0":{"loc":{"start":{"line":13,"column":2},"end":{"line":15,"column":3}},"type":"if","locations":[{"start":{"line":13,"column":2},"end":{"line":15,"column":3}},{"start":{},"end":{}}],"line":13},"1":{"loc":{"start":{"line":18,"column":4},"end":{"line":20,"column":5}},"type":"if","locations":[{"start":{"line":18,"column":4},"end":{"line":20,"column":5}},{"start":{},"end":{}}],"line":18}},"s":{"0":11,"1":11,"2":11,"3":11,"4":11,"5":11,"6":11,"7":0,"8":0,"9":0,"10":0,"11":0,"12":0,"13":0,"14":0,"15":0,"16":0},"f":{"0":0,"1":0,"2":0,"3":0,"4":0},"b":{"0":[0,0],"1":[0,0]},"_coverageSchema":"1a1c01bbd47fc00a2c39e90264f33305004495a9","hash":"e0f6306c832d3c5bdbe26ae478df7f51eb51ecac"}
,"C:\\Users\\Utilisateur\\Documents\\Dev\\www\\Home2Air-API__\\controllers\\companyController.js": {"path":"C:\\Users\\Utilisateur\\Documents\\Dev\\www\\Home2Air-API__\\controllers\\companyController.js","statementMap":{"0":{"start":{"line":1,"column":11},"end":{"line":1,"column":31}},"1":{"start":{"line":2,"column":16},"end":{"line":2,"column":26}},"2":{"start":{"line":3,"column":11},"end":{"line":3,"column":26}},"3":{"start":{"line":6,"column":0},"end":{"line":44,"column":2}},"4":{"start":{"line":8,"column":1},"end":{"line":13,"column":2}},"5":{"start":{"line":9,"column":2},"end":{"line":11,"column":5}},"6":{"start":{"line":12,"column":2},"end":{"line":12,"column":9}},"7":{"start":{"line":14,"column":1},"end":{"line":19,"column":2}},"8":{"start":{"line":15,"column":2},"end":{"line":17,"column":5}},"9":{"start":{"line":18,"column":2},"end":{"line":18,"column":9}},"10":{"start":{"line":22,"column":17},"end":{"line":31,"column":2}},"11":{"start":{"line":32,"column":1},"end":{"line":32,"column":22}},"12":{"start":{"line":34,"column":1},"end":{"line":43,"column":5}},"13":{"start":{"line":36,"column":3},"end":{"line":36,"column":18}},"14":{"start":{"line":39,"column":3},"end":{"line":42,"column":6}},"15":{"start":{"line":47,"column":0},"end":{"line":58,"column":2}},"16":{"start":{"line":48,"column":1},"end":{"line":57,"column":5}},"17":{"start":{"line":50,"column":3},"end":{"line":50,"column":18}},"18":{"start":{"line":53,"column":3},"end":{"line":56,"column":6}},"19":{"start":{"line":61,"column":0},"end":{"line":82,"column":2}},"20":{"start":{"line":62,"column":14},"end":{"line":62,"column":27}},"21":{"start":{"line":64,"column":17},"end":{"line":64,"column":67}},"22":{"start":{"line":65,"column":1},"end":{"line":65,"column":24}},"23":{"start":{"line":66,"column":1},"end":{"line":81,"column":2}},"24":{"start":{"line":67,"column":2},"end":{"line":76,"column":6}},"25":{"start":{"line":69,"column":4},"end":{"line":69,"column":19}},"26":{"start":{"line":72,"column":4},"end":{"line":75,"column":7}},"27":{"start":{"line":78,"column":2},"end":{"line":80,"column":5}},"28":{"start":{"line":85,"column":0},"end":{"line":104,"column":2}},"29":{"start":{"line":86,"column":12},"end":{"line":86,"column":23}},"30":{"start":{"line":88,"column":1},"end":{"line":103,"column":5}},"31":{"start":{"line":90,"column":3},"end":{"line":96,"column":4}},"32":{"start":{"line":91,"column":4},"end":{"line":91,"column":19}},"33":{"start":{"line":93,"column":4},"end":{"line":95,"column":7}},"34":{"start":{"line":99,"column":3},"end":{"line":102,"column":6}},"35":{"start":{"line":107,"column":0},"end":{"line":129,"column":2}},"36":{"start":{"line":108,"column":12},"end":{"line":108,"column":25}},"37":{"start":{"line":110,"column":1},"end":{"line":128,"column":5}},"38":{"start":{"line":114,"column":3},"end":{"line":122,"column":4}},"39":{"start":{"line":115,"column":4},"end":{"line":117,"column":7}},"40":{"start":{"line":119,"column":4},"end":{"line":121,"column":7}},"41":{"start":{"line":125,"column":3},"end":{"line":127,"column":6}},"42":{"start":{"line":132,"column":0},"end":{"line":154,"column":2}},"43":{"start":{"line":133,"column":12},"end":{"line":133,"column":23}},"44":{"start":{"line":135,"column":1},"end":{"line":153,"column":5}},"45":{"start":{"line":139,"column":3},"end":{"line":147,"column":4}},"46":{"start":{"line":140,"column":4},"end":{"line":142,"column":7}},"47":{"start":{"line":144,"column":4},"end":{"line":146,"column":7}},"48":{"start":{"line":150,"column":3},"end":{"line":152,"column":6}}},"fnMap":{"0":{"name":"(anonymous_0)","decl":{"start":{"line":6,"column":17},"end":{"line":6,"column":18}},"loc":{"start":{"line":6,"column":31},"end":{"line":44,"column":1}},"line":6},"1":{"name":"(anonymous_1)","decl":{"start":{"line":35,"column":8},"end":{"line":35,"column":9}},"loc":{"start":{"line":35,"column":16},"end":{"line":37,"column":3}},"line":35},"2":{"name":"(anonymous_2)","decl":{"start":{"line":38,"column":9},"end":{"line":38,"column":10}},"loc":{"start":{"line":38,"column":16},"end":{"line":43,"column":3}},"line":38},"3":{"name":"(anonymous_3)","decl":{"start":{"line":47,"column":18},"end":{"line":47,"column":19}},"loc":{"start":{"line":47,"column":32},"end":{"line":58,"column":1}},"line":47},"4":{"name":"(anonymous_4)","decl":{"start":{"line":49,"column":8},"end":{"line":49,"column":9}},"loc":{"start":{"line":49,"column":16},"end":{"line":51,"column":3}},"line":49},"5":{"name":"(anonymous_5)","decl":{"start":{"line":52,"column":9},"end":{"line":52,"column":10}},"loc":{"start":{"line":52,"column":16},"end":{"line":57,"column":3}},"line":52},"6":{"name":"(anonymous_6)","decl":{"start":{"line":61,"column":17},"end":{"line":61,"column":18}},"loc":{"start":{"line":61,"column":31},"end":{"line":82,"column":1}},"line":61},"7":{"name":"(anonymous_7)","decl":{"start":{"line":68,"column":9},"end":{"line":68,"column":10}},"loc":{"start":{"line":68,"column":17},"end":{"line":70,"column":4}},"line":68},"8":{"name":"(anonymous_8)","decl":{"start":{"line":71,"column":10},"end":{"line":71,"column":11}},"loc":{"start":{"line":71,"column":17},"end":{"line":76,"column":4}},"line":71},"9":{"name":"(anonymous_9)","decl":{"start":{"line":85,"column":22},"end":{"line":85,"column":23}},"loc":{"start":{"line":85,"column":36},"end":{"line":104,"column":1}},"line":85},"10":{"name":"(anonymous_10)","decl":{"start":{"line":89,"column":8},"end":{"line":89,"column":9}},"loc":{"start":{"line":89,"column":16},"end":{"line":97,"column":3}},"line":89},"11":{"name":"(anonymous_11)","decl":{"start":{"line":98,"column":9},"end":{"line":98,"column":10}},"loc":{"start":{"line":98,"column":16},"end":{"line":103,"column":3}},"line":98},"12":{"name":"(anonymous_12)","decl":{"start":{"line":107,"column":17},"end":{"line":107,"column":18}},"loc":{"start":{"line":107,"column":31},"end":{"line":129,"column":1}},"line":107},"13":{"name":"(anonymous_13)","decl":{"start":{"line":113,"column":8},"end":{"line":113,"column":9}},"loc":{"start":{"line":113,"column":15},"end":{"line":123,"column":3}},"line":113},"14":{"name":"(anonymous_14)","decl":{"start":{"line":124,"column":9},"end":{"line":124,"column":10}},"loc":{"start":{"line":124,"column":16},"end":{"line":128,"column":3}},"line":124},"15":{"name":"(anonymous_15)","decl":{"start":{"line":132,"column":17},"end":{"line":132,"column":18}},"loc":{"start":{"line":132,"column":31},"end":{"line":154,"column":1}},"line":132},"16":{"name":"(anonymous_16)","decl":{"start":{"line":138,"column":8},"end":{"line":138,"column":9}},"loc":{"start":{"line":138,"column":15},"end":{"line":148,"column":3}},"line":138},"17":{"name":"(anonymous_17)","decl":{"start":{"line":149,"column":9},"end":{"line":149,"column":10}},"loc":{"start":{"line":149,"column":16},"end":{"line":153,"column":3}},"line":149}},"branchMap":{"0":{"loc":{"start":{"line":8,"column":1},"end":{"line":13,"column":2}},"type":"if","locations":[{"start":{"line":8,"column":1},"end":{"line":13,"column":2}},{"start":{},"end":{}}],"line":8},"1":{"loc":{"start":{"line":14,"column":1},"end":{"line":19,"column":2}},"type":"if","locations":[{"start":{"line":14,"column":1},"end":{"line":19,"column":2}},{"start":{},"end":{}}],"line":14},"2":{"loc":{"start":{"line":14,"column":5},"end":{"line":14,"column":61}},"type":"binary-expr","locations":[{"start":{"line":14,"column":5},"end":{"line":14,"column":22}},{"start":{"line":14,"column":26},"end":{"line":14,"column":43}},{"start":{"line":14,"column":47},"end":{"line":14,"column":61}}],"line":14},"3":{"loc":{"start":{"line":41,"column":5},"end":{"line":41,"column":69}},"type":"binary-expr","locations":[{"start":{"line":41,"column":5},"end":{"line":41,"column":16}},{"start":{"line":41,"column":20},"end":{"line":41,"column":69}}],"line":41},"4":{"loc":{"start":{"line":55,"column":5},"end":{"line":55,"column":70}},"type":"binary-expr","locations":[{"start":{"line":55,"column":5},"end":{"line":55,"column":16}},{"start":{"line":55,"column":20},"end":{"line":55,"column":70}}],"line":55},"5":{"loc":{"start":{"line":64,"column":17},"end":{"line":64,"column":67}},"type":"cond-expr","locations":[{"start":{"line":64,"column":24},"end":{"line":64,"column":60}},{"start":{"line":64,"column":63},"end":{"line":64,"column":67}}],"line":64},"6":{"loc":{"start":{"line":66,"column":1},"end":{"line":81,"column":2}},"type":"if","locations":[{"start":{"line":66,"column":1},"end":{"line":81,"column":2}},{"start":{"line":77,"column":8},"end":{"line":81,"column":2}}],"line":66},"7":{"loc":{"start":{"line":74,"column":6},"end":{"line":74,"column":70}},"type":"binary-expr","locations":[{"start":{"line":74,"column":6},"end":{"line":74,"column":17}},{"start":{"line":74,"column":21},"end":{"line":74,"column":70}}],"line":74},"8":{"loc":{"start":{"line":90,"column":3},"end":{"line":96,"column":4}},"type":"if","locations":[{"start":{"line":90,"column":3},"end":{"line":96,"column":4}},{"start":{"line":92,"column":10},"end":{"line":96,"column":4}}],"line":90},"9":{"loc":{"start":{"line":101,"column":5},"end":{"line":101,"column":75}},"type":"binary-expr","locations":[{"start":{"line":101,"column":5},"end":{"line":101,"column":16}},{"start":{"line":101,"column":20},"end":{"line":101,"column":75}}],"line":101},"10":{"loc":{"start":{"line":114,"column":3},"end":{"line":122,"column":4}},"type":"if","locations":[{"start":{"line":114,"column":3},"end":{"line":122,"column":4}},{"start":{"line":118,"column":10},"end":{"line":122,"column":4}}],"line":114},"11":{"loc":{"start":{"line":139,"column":3},"end":{"line":147,"column":4}},"type":"if","locations":[{"start":{"line":139,"column":3},"end":{"line":147,"column":4}},{"start":{"line":143,"column":10},"end":{"line":147,"column":4}}],"line":139}},"s":{"0":11,"1":11,"2":11,"3":11,"4":0,"5":0,"6":0,"7":0,"8":0,"9":0,"10":0,"11":0,"12":0,"13":0,"14":0,"15":11,"16":0,"17":0,"18":0,"19":11,"20":0,"21":0,"22":0,"23":0,"24":0,"25":0,"26":0,"27":0,"28":11,"29":0,"30":0,"31":0,"32":0,"33":0,"34":0,"35":11,"36":0,"37":0,"38":0,"39":0,"40":0,"41":0,"42":11,"43":0,"44":0,"45":0,"46":0,"47":0,"48":0},"f":{"0":0,"1":0,"2":0,"3":0,"4":0,"5":0,"6":0,"7":0,"8":0,"9":0,"10":0,"11":0,"12":0,"13":0,"14":0,"15":0,"16":0,"17":0},"b":{"0":[0,0],"1":[0,0],"2":[0,0,0],"3":[0,0],"4":[0,0],"5":[0,0],"6":[0,0],"7":[0,0],"8":[0,0],"9":[0,0],"10":[0,0],"11":[0,0]},"_coverageSchema":"1a1c01bbd47fc00a2c39e90264f33305004495a9","hash":"f7c2599da699150e2802a4e489c8b9d0095d8818"}
,"C:\\Users\\Utilisateur\\Documents\\Dev\\www\\Home2Air-API__\\controllers\\inviteController.js": {"path":"C:\\Users\\Utilisateur\\Documents\\Dev\\www\\Home2Air-API__\\controllers\\inviteController.js","statementMap":{"0":{"start":{"line":1,"column":11},"end":{"line":1,"column":31}},"1":{"start":{"line":2,"column":15},"end":{"line":2,"column":25}},"2":{"start":{"line":3,"column":22},"end":{"line":3,"column":40}},"3":{"start":{"line":6,"column":0},"end":{"line":24,"column":1}},"4":{"start":{"line":7,"column":20},"end":{"line":7,"column":33}},"5":{"start":{"line":8,"column":12},"end":{"line":8,"column":28}},"6":{"start":{"line":9,"column":16},"end":{"line":13,"column":5}},"7":{"start":{"line":15,"column":4},"end":{"line":23,"column":11}},"8":{"start":{"line":17,"column":12},"end":{"line":17,"column":27}},"9":{"start":{"line":20,"column":12},"end":{"line":22,"column":15}},"10":{"start":{"line":26,"column":0},"end":{"line":70,"column":1}},"11":{"start":{"line":27,"column":4},"end":{"line":27,"column":22}},"12":{"start":{"line":28,"column":4},"end":{"line":69,"column":11}},"13":{"start":{"line":30,"column":12},"end":{"line":63,"column":13}},"14":{"start":{"line":31,"column":16},"end":{"line":34,"column":19}},"15":{"start":{"line":36,"column":29},"end":{"line":39,"column":17}},"16":{"start":{"line":40,"column":16},"end":{"line":62,"column":23}},"17":{"start":{"line":42,"column":47},"end":{"line":44,"column":25}},"18":{"start":{"line":45,"column":24},"end":{"line":56,"column":31}},"19":{"start":{"line":49,"column":32},"end":{"line":49,"column":47}},"20":{"start":{"line":52,"column":32},"end":{"line":55,"column":35}},"21":{"start":{"line":59,"column":24},"end":{"line":61,"column":27}},"22":{"start":{"line":66,"column":12},"end":{"line":68,"column":15}},"23":{"start":{"line":74,"column":0},"end":{"line":96,"column":2}},"24":{"start":{"line":75,"column":12},"end":{"line":75,"column":23}},"25":{"start":{"line":77,"column":1},"end":{"line":95,"column":5}},"26":{"start":{"line":81,"column":3},"end":{"line":89,"column":4}},"27":{"start":{"line":82,"column":4},"end":{"line":84,"column":7}},"28":{"start":{"line":86,"column":4},"end":{"line":88,"column":7}},"29":{"start":{"line":92,"column":3},"end":{"line":94,"column":6}},"30":{"start":{"line":99,"column":0},"end":{"line":110,"column":2}},"31":{"start":{"line":100,"column":1},"end":{"line":109,"column":5}},"32":{"start":{"line":102,"column":3},"end":{"line":102,"column":18}},"33":{"start":{"line":105,"column":3},"end":{"line":108,"column":6}}},"fnMap":{"0":{"name":"(anonymous_0)","decl":{"start":{"line":6,"column":17},"end":{"line":6,"column":18}},"loc":{"start":{"line":6,"column":31},"end":{"line":24,"column":1}},"line":6},"1":{"name":"(anonymous_1)","decl":{"start":{"line":16,"column":14},"end":{"line":16,"column":15}},"loc":{"start":{"line":16,"column":22},"end":{"line":18,"column":9}},"line":16},"2":{"name":"(anonymous_2)","decl":{"start":{"line":19,"column":15},"end":{"line":19,"column":16}},"loc":{"start":{"line":19,"column":22},"end":{"line":23,"column":9}},"line":19},"3":{"name":"(anonymous_3)","decl":{"start":{"line":26,"column":17},"end":{"line":26,"column":18}},"loc":{"start":{"line":26,"column":31},"end":{"line":70,"column":1}},"line":26},"4":{"name":"(anonymous_4)","decl":{"start":{"line":29,"column":14},"end":{"line":29,"column":15}},"loc":{"start":{"line":29,"column":22},"end":{"line":64,"column":9}},"line":29},"5":{"name":"(anonymous_5)","decl":{"start":{"line":41,"column":26},"end":{"line":41,"column":27}},"loc":{"start":{"line":41,"column":34},"end":{"line":57,"column":21}},"line":41},"6":{"name":"(anonymous_6)","decl":{"start":{"line":48,"column":34},"end":{"line":48,"column":35}},"loc":{"start":{"line":48,"column":42},"end":{"line":50,"column":29}},"line":48},"7":{"name":"(anonymous_7)","decl":{"start":{"line":51,"column":35},"end":{"line":51,"column":36}},"loc":{"start":{"line":51,"column":42},"end":{"line":56,"column":29}},"line":51},"8":{"name":"(anonymous_8)","decl":{"start":{"line":58,"column":27},"end":{"line":58,"column":28}},"loc":{"start":{"line":58,"column":34},"end":{"line":62,"column":21}},"line":58},"9":{"name":"(anonymous_9)","decl":{"start":{"line":65,"column":15},"end":{"line":65,"column":16}},"loc":{"start":{"line":65,"column":22},"end":{"line":69,"column":9}},"line":65},"10":{"name":"(anonymous_10)","decl":{"start":{"line":74,"column":17},"end":{"line":74,"column":18}},"loc":{"start":{"line":74,"column":31},"end":{"line":96,"column":1}},"line":74},"11":{"name":"(anonymous_11)","decl":{"start":{"line":80,"column":8},"end":{"line":80,"column":9}},"loc":{"start":{"line":80,"column":15},"end":{"line":90,"column":3}},"line":80},"12":{"name":"(anonymous_12)","decl":{"start":{"line":91,"column":9},"end":{"line":91,"column":10}},"loc":{"start":{"line":91,"column":16},"end":{"line":95,"column":3}},"line":91},"13":{"name":"(anonymous_13)","decl":{"start":{"line":99,"column":18},"end":{"line":99,"column":19}},"loc":{"start":{"line":99,"column":32},"end":{"line":110,"column":1}},"line":99},"14":{"name":"(anonymous_14)","decl":{"start":{"line":101,"column":8},"end":{"line":101,"column":9}},"loc":{"start":{"line":101,"column":16},"end":{"line":103,"column":3}},"line":101},"15":{"name":"(anonymous_15)","decl":{"start":{"line":104,"column":9},"end":{"line":104,"column":10}},"loc":{"start":{"line":104,"column":16},"end":{"line":109,"column":3}},"line":104}},"branchMap":{"0":{"loc":{"start":{"line":21,"column":25},"end":{"line":21,"column":88}},"type":"binary-expr","locations":[{"start":{"line":21,"column":25},"end":{"line":21,"column":36}},{"start":{"line":21,"column":40},"end":{"line":21,"column":88}}],"line":21},"1":{"loc":{"start":{"line":30,"column":12},"end":{"line":63,"column":13}},"type":"if","locations":[{"start":{"line":30,"column":12},"end":{"line":63,"column":13}},{"start":{"line":35,"column":19},"end":{"line":63,"column":13}}],"line":30},"2":{"loc":{"start":{"line":54,"column":40},"end":{"line":54,"column":107}},"type":"binary-expr","locations":[{"start":{"line":54,"column":40},"end":{"line":54,"column":51}},{"start":{"line":54,"column":55},"end":{"line":54,"column":107}}],"line":54},"3":{"loc":{"start":{"line":60,"column":37},"end":{"line":60,"column":103}},"type":"binary-expr","locations":[{"start":{"line":60,"column":37},"end":{"line":60,"column":48}},{"start":{"line":60,"column":52},"end":{"line":60,"column":103}}],"line":60},"4":{"loc":{"start":{"line":67,"column":25},"end":{"line":67,"column":93}},"type":"binary-expr","locations":[{"start":{"line":67,"column":25},"end":{"line":67,"column":36}},{"start":{"line":67,"column":40},"end":{"line":67,"column":93}}],"line":67},"5":{"loc":{"start":{"line":81,"column":3},"end":{"line":89,"column":4}},"type":"if","locations":[{"start":{"line":81,"column":3},"end":{"line":89,"column":4}},{"start":{"line":85,"column":10},"end":{"line":89,"column":4}}],"line":81},"6":{"loc":{"start":{"line":107,"column":5},"end":{"line":107,"column":67}},"type":"binary-expr","locations":[{"start":{"line":107,"column":5},"end":{"line":107,"column":16}},{"start":{"line":107,"column":20},"end":{"line":107,"column":67}}],"line":107}},"s":{"0":11,"1":11,"2":11,"3":11,"4":0,"5":0,"6":0,"7":0,"8":0,"9":0,"10":11,"11":0,"12":0,"13":0,"14":0,"15":0,"16":0,"17":0,"18":0,"19":0,"20":0,"21":0,"22":0,"23":11,"24":0,"25":0,"26":0,"27":0,"28":0,"29":0,"30":11,"31":0,"32":0,"33":0},"f":{"0":0,"1":0,"2":0,"3":0,"4":0,"5":0,"6":0,"7":0,"8":0,"9":0,"10":0,"11":0,"12":0,"13":0,"14":0,"15":0},"b":{"0":[0,0],"1":[0,0],"2":[0,0],"3":[0,0],"4":[0,0],"5":[0,0],"6":[0,0]},"_coverageSchema":"1a1c01bbd47fc00a2c39e90264f33305004495a9","hash":"a34d74f6edec03adea449faab6e9d74dc45c1b60"}
,"C:\\Users\\Utilisateur\\Documents\\Dev\\www\\Home2Air-API__\\controllers\\mainController.js": {"path":"C:\\Users\\Utilisateur\\Documents\\Dev\\www\\Home2Air-API__\\controllers\\mainController.js","statementMap":{"0":{"start":{"line":4,"column":0},"end":{"line":10,"column":2}},"1":{"start":{"line":5,"column":1},"end":{"line":9,"column":2}},"2":{"start":{"line":6,"column":2},"end":{"line":6,"column":58}},"3":{"start":{"line":8,"column":2},"end":{"line":8,"column":66}}},"fnMap":{"0":{"name":"(anonymous_0)","decl":{"start":{"line":4,"column":18},"end":{"line":4,"column":19}},"loc":{"start":{"line":4,"column":44},"end":{"line":10,"column":1}},"line":4}},"branchMap":{},"s":{"0":11,"1":1,"2":1,"3":0},"f":{"0":1},"b":{},"_coverageSchema":"1a1c01bbd47fc00a2c39e90264f33305004495a9","hash":"e857ee338a02d22f5830259a82315f4307aa58d2"}
,"C:\\Users\\Utilisateur\\Documents\\Dev\\www\\Home2Air-API__\\controllers\\notificationsController.js": {"path":"C:\\Users\\Utilisateur\\Documents\\Dev\\www\\Home2Air-API__\\controllers\\notificationsController.js","statementMap":{"0":{"start":{"line":1,"column":11},"end":{"line":1,"column":31}},"1":{"start":{"line":2,"column":21},"end":{"line":2,"column":36}},"2":{"start":{"line":3,"column":11},"end":{"line":3,"column":26}},"3":{"start":{"line":6,"column":0},"end":{"line":51,"column":2}},"4":{"start":{"line":8,"column":1},"end":{"line":13,"column":2}},"5":{"start":{"line":9,"column":2},"end":{"line":11,"column":5}},"6":{"start":{"line":12,"column":2},"end":{"line":12,"column":9}},"7":{"start":{"line":14,"column":1},"end":{"line":19,"column":2}},"8":{"start":{"line":15,"column":2},"end":{"line":17,"column":5}},"9":{"start":{"line":18,"column":2},"end":{"line":18,"column":9}},"10":{"start":{"line":20,"column":1},"end":{"line":25,"column":2}},"11":{"start":{"line":21,"column":2},"end":{"line":23,"column":5}},"12":{"start":{"line":24,"column":2},"end":{"line":24,"column":9}},"13":{"start":{"line":28,"column":23},"end":{"line":38,"column":2}},"14":{"start":{"line":39,"column":1},"end":{"line":39,"column":27}},"15":{"start":{"line":41,"column":1},"end":{"line":50,"column":5}},"16":{"start":{"line":43,"column":3},"end":{"line":43,"column":18}},"17":{"start":{"line":46,"column":3},"end":{"line":49,"column":6}},"18":{"start":{"line":54,"column":0},"end":{"line":65,"column":2}},"19":{"start":{"line":55,"column":1},"end":{"line":64,"column":5}},"20":{"start":{"line":57,"column":3},"end":{"line":57,"column":18}},"21":{"start":{"line":60,"column":3},"end":{"line":63,"column":6}},"22":{"start":{"line":68,"column":0},"end":{"line":89,"column":2}},"23":{"start":{"line":69,"column":14},"end":{"line":69,"column":27}},"24":{"start":{"line":71,"column":17},"end":{"line":71,"column":67}},"25":{"start":{"line":72,"column":1},"end":{"line":72,"column":24}},"26":{"start":{"line":73,"column":1},"end":{"line":88,"column":2}},"27":{"start":{"line":74,"column":2},"end":{"line":83,"column":6}},"28":{"start":{"line":76,"column":4},"end":{"line":76,"column":19}},"29":{"start":{"line":79,"column":4},"end":{"line":82,"column":7}},"30":{"start":{"line":85,"column":2},"end":{"line":87,"column":5}},"31":{"start":{"line":92,"column":0},"end":{"line":111,"column":2}},"32":{"start":{"line":93,"column":12},"end":{"line":93,"column":23}},"33":{"start":{"line":95,"column":1},"end":{"line":110,"column":5}},"34":{"start":{"line":97,"column":3},"end":{"line":103,"column":4}},"35":{"start":{"line":98,"column":4},"end":{"line":98,"column":19}},"36":{"start":{"line":100,"column":4},"end":{"line":102,"column":7}},"37":{"start":{"line":106,"column":3},"end":{"line":109,"column":6}},"38":{"start":{"line":114,"column":0},"end":{"line":136,"column":2}},"39":{"start":{"line":115,"column":12},"end":{"line":115,"column":25}},"40":{"start":{"line":117,"column":1},"end":{"line":135,"column":5}},"41":{"start":{"line":121,"column":3},"end":{"line":129,"column":4}},"42":{"start":{"line":122,"column":4},"end":{"line":124,"column":7}},"43":{"start":{"line":126,"column":4},"end":{"line":128,"column":7}},"44":{"start":{"line":132,"column":3},"end":{"line":134,"column":6}},"45":{"start":{"line":139,"column":0},"end":{"line":161,"column":2}},"46":{"start":{"line":140,"column":12},"end":{"line":140,"column":23}},"47":{"start":{"line":142,"column":1},"end":{"line":160,"column":5}},"48":{"start":{"line":146,"column":3},"end":{"line":154,"column":4}},"49":{"start":{"line":147,"column":4},"end":{"line":149,"column":7}},"50":{"start":{"line":151,"column":4},"end":{"line":153,"column":7}},"51":{"start":{"line":157,"column":3},"end":{"line":159,"column":6}}},"fnMap":{"0":{"name":"(anonymous_0)","decl":{"start":{"line":6,"column":17},"end":{"line":6,"column":18}},"loc":{"start":{"line":6,"column":31},"end":{"line":51,"column":1}},"line":6},"1":{"name":"(anonymous_1)","decl":{"start":{"line":42,"column":8},"end":{"line":42,"column":9}},"loc":{"start":{"line":42,"column":16},"end":{"line":44,"column":3}},"line":42},"2":{"name":"(anonymous_2)","decl":{"start":{"line":45,"column":9},"end":{"line":45,"column":10}},"loc":{"start":{"line":45,"column":16},"end":{"line":50,"column":3}},"line":45},"3":{"name":"(anonymous_3)","decl":{"start":{"line":54,"column":18},"end":{"line":54,"column":19}},"loc":{"start":{"line":54,"column":32},"end":{"line":65,"column":1}},"line":54},"4":{"name":"(anonymous_4)","decl":{"start":{"line":56,"column":8},"end":{"line":56,"column":9}},"loc":{"start":{"line":56,"column":16},"end":{"line":58,"column":3}},"line":56},"5":{"name":"(anonymous_5)","decl":{"start":{"line":59,"column":9},"end":{"line":59,"column":10}},"loc":{"start":{"line":59,"column":16},"end":{"line":64,"column":3}},"line":59},"6":{"name":"(anonymous_6)","decl":{"start":{"line":68,"column":17},"end":{"line":68,"column":18}},"loc":{"start":{"line":68,"column":31},"end":{"line":89,"column":1}},"line":68},"7":{"name":"(anonymous_7)","decl":{"start":{"line":75,"column":9},"end":{"line":75,"column":10}},"loc":{"start":{"line":75,"column":17},"end":{"line":77,"column":4}},"line":75},"8":{"name":"(anonymous_8)","decl":{"start":{"line":78,"column":10},"end":{"line":78,"column":11}},"loc":{"start":{"line":78,"column":17},"end":{"line":83,"column":4}},"line":78},"9":{"name":"(anonymous_9)","decl":{"start":{"line":92,"column":22},"end":{"line":92,"column":23}},"loc":{"start":{"line":92,"column":36},"end":{"line":111,"column":1}},"line":92},"10":{"name":"(anonymous_10)","decl":{"start":{"line":96,"column":8},"end":{"line":96,"column":9}},"loc":{"start":{"line":96,"column":16},"end":{"line":104,"column":3}},"line":96},"11":{"name":"(anonymous_11)","decl":{"start":{"line":105,"column":9},"end":{"line":105,"column":10}},"loc":{"start":{"line":105,"column":16},"end":{"line":110,"column":3}},"line":105},"12":{"name":"(anonymous_12)","decl":{"start":{"line":114,"column":17},"end":{"line":114,"column":18}},"loc":{"start":{"line":114,"column":31},"end":{"line":136,"column":1}},"line":114},"13":{"name":"(anonymous_13)","decl":{"start":{"line":120,"column":8},"end":{"line":120,"column":9}},"loc":{"start":{"line":120,"column":15},"end":{"line":130,"column":3}},"line":120},"14":{"name":"(anonymous_14)","decl":{"start":{"line":131,"column":9},"end":{"line":131,"column":10}},"loc":{"start":{"line":131,"column":16},"end":{"line":135,"column":3}},"line":131},"15":{"name":"(anonymous_15)","decl":{"start":{"line":139,"column":17},"end":{"line":139,"column":18}},"loc":{"start":{"line":139,"column":31},"end":{"line":161,"column":1}},"line":139},"16":{"name":"(anonymous_16)","decl":{"start":{"line":145,"column":8},"end":{"line":145,"column":9}},"loc":{"start":{"line":145,"column":15},"end":{"line":155,"column":3}},"line":145},"17":{"name":"(anonymous_17)","decl":{"start":{"line":156,"column":9},"end":{"line":156,"column":10}},"loc":{"start":{"line":156,"column":16},"end":{"line":160,"column":3}},"line":156}},"branchMap":{"0":{"loc":{"start":{"line":8,"column":1},"end":{"line":13,"column":2}},"type":"if","locations":[{"start":{"line":8,"column":1},"end":{"line":13,"column":2}},{"start":{},"end":{}}],"line":8},"1":{"loc":{"start":{"line":14,"column":1},"end":{"line":19,"column":2}},"type":"if","locations":[{"start":{"line":14,"column":1},"end":{"line":19,"column":2}},{"start":{},"end":{}}],"line":14},"2":{"loc":{"start":{"line":20,"column":1},"end":{"line":25,"column":2}},"type":"if","locations":[{"start":{"line":20,"column":1},"end":{"line":25,"column":2}},{"start":{},"end":{}}],"line":20},"3":{"loc":{"start":{"line":48,"column":5},"end":{"line":48,"column":74}},"type":"binary-expr","locations":[{"start":{"line":48,"column":5},"end":{"line":48,"column":16}},{"start":{"line":48,"column":20},"end":{"line":48,"column":74}}],"line":48},"4":{"loc":{"start":{"line":62,"column":5},"end":{"line":62,"column":73}},"type":"binary-expr","locations":[{"start":{"line":62,"column":5},"end":{"line":62,"column":16}},{"start":{"line":62,"column":20},"end":{"line":62,"column":73}}],"line":62},"5":{"loc":{"start":{"line":71,"column":17},"end":{"line":71,"column":67}},"type":"cond-expr","locations":[{"start":{"line":71,"column":24},"end":{"line":71,"column":60}},{"start":{"line":71,"column":63},"end":{"line":71,"column":67}}],"line":71},"6":{"loc":{"start":{"line":73,"column":1},"end":{"line":88,"column":2}},"type":"if","locations":[{"start":{"line":73,"column":1},"end":{"line":88,"column":2}},{"start":{"line":84,"column":8},"end":{"line":88,"column":2}}],"line":73},"7":{"loc":{"start":{"line":81,"column":6},"end":{"line":81,"column":74}},"type":"binary-expr","locations":[{"start":{"line":81,"column":6},"end":{"line":81,"column":17}},{"start":{"line":81,"column":21},"end":{"line":81,"column":74}}],"line":81},"8":{"loc":{"start":{"line":97,"column":3},"end":{"line":103,"column":4}},"type":"if","locations":[{"start":{"line":97,"column":3},"end":{"line":103,"column":4}},{"start":{"line":99,"column":10},"end":{"line":103,"column":4}}],"line":97},"9":{"loc":{"start":{"line":108,"column":5},"end":{"line":108,"column":78}},"type":"binary-expr","locations":[{"start":{"line":108,"column":5},"end":{"line":108,"column":16}},{"start":{"line":108,"column":20},"end":{"line":108,"column":78}}],"line":108},"10":{"loc":{"start":{"line":121,"column":3},"end":{"line":129,"column":4}},"type":"if","locations":[{"start":{"line":121,"column":3},"end":{"line":129,"column":4}},{"start":{"line":125,"column":10},"end":{"line":129,"column":4}}],"line":121},"11":{"loc":{"start":{"line":146,"column":3},"end":{"line":154,"column":4}},"type":"if","locations":[{"start":{"line":146,"column":3},"end":{"line":154,"column":4}},{"start":{"line":150,"column":10},"end":{"line":154,"column":4}}],"line":146}},"s":{"0":11,"1":11,"2":11,"3":11,"4":0,"5":0,"6":0,"7":0,"8":0,"9":0,"10":0,"11":0,"12":0,"13":0,"14":0,"15":0,"16":0,"17":0,"18":11,"19":0,"20":0,"21":0,"22":11,"23":0,"24":0,"25":0,"26":0,"27":0,"28":0,"29":0,"30":0,"31":11,"32":0,"33":0,"34":0,"35":0,"36":0,"37":0,"38":11,"39":0,"40":0,"41":0,"42":0,"43":0,"44":0,"45":11,"46":0,"47":0,"48":0,"49":0,"50":0,"51":0},"f":{"0":0,"1":0,"2":0,"3":0,"4":0,"5":0,"6":0,"7":0,"8":0,"9":0,"10":0,"11":0,"12":0,"13":0,"14":0,"15":0,"16":0,"17":0},"b":{"0":[0,0],"1":[0,0],"2":[0,0],"3":[0,0],"4":[0,0],"5":[0,0],"6":[0,0],"7":[0,0],"8":[0,0],"9":[0,0],"10":[0,0],"11":[0,0]},"_coverageSchema":"1a1c01bbd47fc00a2c39e90264f33305004495a9","hash":"94e87ff23748e01a5afd3349337fbe0c04bc06e3"}
,"C:\\Users\\Utilisateur\\Documents\\Dev\\www\\Home2Air-API__\\controllers\\placeController.js": {"path":"C:\\Users\\Utilisateur\\Documents\\Dev\\www\\Home2Air-API__\\controllers\\placeController.js","statementMap":{"0":{"start":{"line":1,"column":11},"end":{"line":1,"column":31}},"1":{"start":{"line":2,"column":14},"end":{"line":2,"column":22}},"2":{"start":{"line":3,"column":22},"end":{"line":3,"column":40}},"3":{"start":{"line":4,"column":11},"end":{"line":4,"column":26}},"4":{"start":{"line":7,"column":0},"end":{"line":43,"column":2}},"5":{"start":{"line":9,"column":1},"end":{"line":14,"column":2}},"6":{"start":{"line":10,"column":2},"end":{"line":12,"column":5}},"7":{"start":{"line":13,"column":2},"end":{"line":13,"column":9}},"8":{"start":{"line":17,"column":16},"end":{"line":20,"column":2}},"9":{"start":{"line":22,"column":1},"end":{"line":42,"column":5}},"10":{"start":{"line":24,"column":27},"end":{"line":27,"column":4}},"11":{"start":{"line":28,"column":3},"end":{"line":36,"column":7}},"12":{"start":{"line":30,"column":5},"end":{"line":30,"column":20}},"13":{"start":{"line":33,"column":5},"end":{"line":35,"column":8}},"14":{"start":{"line":39,"column":3},"end":{"line":41,"column":6}},"15":{"start":{"line":46,"column":0},"end":{"line":57,"column":2}},"16":{"start":{"line":47,"column":1},"end":{"line":56,"column":5}},"17":{"start":{"line":49,"column":3},"end":{"line":49,"column":18}},"18":{"start":{"line":52,"column":3},"end":{"line":55,"column":6}},"19":{"start":{"line":60,"column":0},"end":{"line":81,"column":2}},"20":{"start":{"line":61,"column":14},"end":{"line":61,"column":27}},"21":{"start":{"line":63,"column":17},"end":{"line":63,"column":67}},"22":{"start":{"line":64,"column":1},"end":{"line":64,"column":24}},"23":{"start":{"line":65,"column":1},"end":{"line":80,"column":2}},"24":{"start":{"line":66,"column":2},"end":{"line":75,"column":6}},"25":{"start":{"line":68,"column":4},"end":{"line":68,"column":19}},"26":{"start":{"line":71,"column":4},"end":{"line":74,"column":7}},"27":{"start":{"line":77,"column":2},"end":{"line":79,"column":5}},"28":{"start":{"line":84,"column":0},"end":{"line":103,"column":2}},"29":{"start":{"line":85,"column":12},"end":{"line":85,"column":23}},"30":{"start":{"line":87,"column":1},"end":{"line":102,"column":5}},"31":{"start":{"line":89,"column":3},"end":{"line":95,"column":4}},"32":{"start":{"line":90,"column":4},"end":{"line":90,"column":19}},"33":{"start":{"line":92,"column":4},"end":{"line":94,"column":7}},"34":{"start":{"line":98,"column":3},"end":{"line":101,"column":6}},"35":{"start":{"line":106,"column":0},"end":{"line":128,"column":2}},"36":{"start":{"line":107,"column":12},"end":{"line":107,"column":25}},"37":{"start":{"line":109,"column":1},"end":{"line":127,"column":5}},"38":{"start":{"line":113,"column":3},"end":{"line":121,"column":4}},"39":{"start":{"line":114,"column":4},"end":{"line":116,"column":7}},"40":{"start":{"line":118,"column":4},"end":{"line":120,"column":7}},"41":{"start":{"line":124,"column":3},"end":{"line":126,"column":6}},"42":{"start":{"line":131,"column":0},"end":{"line":153,"column":2}},"43":{"start":{"line":132,"column":12},"end":{"line":132,"column":23}},"44":{"start":{"line":134,"column":1},"end":{"line":152,"column":5}},"45":{"start":{"line":138,"column":3},"end":{"line":146,"column":4}},"46":{"start":{"line":139,"column":4},"end":{"line":141,"column":7}},"47":{"start":{"line":143,"column":4},"end":{"line":145,"column":7}},"48":{"start":{"line":149,"column":3},"end":{"line":151,"column":6}}},"fnMap":{"0":{"name":"(anonymous_0)","decl":{"start":{"line":7,"column":17},"end":{"line":7,"column":18}},"loc":{"start":{"line":7,"column":31},"end":{"line":43,"column":1}},"line":7},"1":{"name":"(anonymous_1)","decl":{"start":{"line":23,"column":8},"end":{"line":23,"column":9}},"loc":{"start":{"line":23,"column":16},"end":{"line":37,"column":3}},"line":23},"2":{"name":"(anonymous_2)","decl":{"start":{"line":29,"column":10},"end":{"line":29,"column":11}},"loc":{"start":{"line":29,"column":18},"end":{"line":31,"column":5}},"line":29},"3":{"name":"(anonymous_3)","decl":{"start":{"line":32,"column":11},"end":{"line":32,"column":12}},"loc":{"start":{"line":32,"column":18},"end":{"line":36,"column":5}},"line":32},"4":{"name":"(anonymous_4)","decl":{"start":{"line":38,"column":9},"end":{"line":38,"column":10}},"loc":{"start":{"line":38,"column":16},"end":{"line":42,"column":3}},"line":38},"5":{"name":"(anonymous_5)","decl":{"start":{"line":46,"column":18},"end":{"line":46,"column":19}},"loc":{"start":{"line":46,"column":32},"end":{"line":57,"column":1}},"line":46},"6":{"name":"(anonymous_6)","decl":{"start":{"line":48,"column":8},"end":{"line":48,"column":9}},"loc":{"start":{"line":48,"column":16},"end":{"line":50,"column":3}},"line":48},"7":{"name":"(anonymous_7)","decl":{"start":{"line":51,"column":9},"end":{"line":51,"column":10}},"loc":{"start":{"line":51,"column":16},"end":{"line":56,"column":3}},"line":51},"8":{"name":"(anonymous_8)","decl":{"start":{"line":60,"column":17},"end":{"line":60,"column":18}},"loc":{"start":{"line":60,"column":31},"end":{"line":81,"column":1}},"line":60},"9":{"name":"(anonymous_9)","decl":{"start":{"line":67,"column":9},"end":{"line":67,"column":10}},"loc":{"start":{"line":67,"column":17},"end":{"line":69,"column":4}},"line":67},"10":{"name":"(anonymous_10)","decl":{"start":{"line":70,"column":10},"end":{"line":70,"column":11}},"loc":{"start":{"line":70,"column":17},"end":{"line":75,"column":4}},"line":70},"11":{"name":"(anonymous_11)","decl":{"start":{"line":84,"column":22},"end":{"line":84,"column":23}},"loc":{"start":{"line":84,"column":36},"end":{"line":103,"column":1}},"line":84},"12":{"name":"(anonymous_12)","decl":{"start":{"line":88,"column":8},"end":{"line":88,"column":9}},"loc":{"start":{"line":88,"column":16},"end":{"line":96,"column":3}},"line":88},"13":{"name":"(anonymous_13)","decl":{"start":{"line":97,"column":9},"end":{"line":97,"column":10}},"loc":{"start":{"line":97,"column":16},"end":{"line":102,"column":3}},"line":97},"14":{"name":"(anonymous_14)","decl":{"start":{"line":106,"column":17},"end":{"line":106,"column":18}},"loc":{"start":{"line":106,"column":31},"end":{"line":128,"column":1}},"line":106},"15":{"name":"(anonymous_15)","decl":{"start":{"line":112,"column":8},"end":{"line":112,"column":9}},"loc":{"start":{"line":112,"column":15},"end":{"line":122,"column":3}},"line":112},"16":{"name":"(anonymous_16)","decl":{"start":{"line":123,"column":9},"end":{"line":123,"column":10}},"loc":{"start":{"line":123,"column":16},"end":{"line":127,"column":3}},"line":123},"17":{"name":"(anonymous_17)","decl":{"start":{"line":131,"column":17},"end":{"line":131,"column":18}},"loc":{"start":{"line":131,"column":31},"end":{"line":153,"column":1}},"line":131},"18":{"name":"(anonymous_18)","decl":{"start":{"line":137,"column":8},"end":{"line":137,"column":9}},"loc":{"start":{"line":137,"column":15},"end":{"line":147,"column":3}},"line":137},"19":{"name":"(anonymous_19)","decl":{"start":{"line":148,"column":9},"end":{"line":148,"column":10}},"loc":{"start":{"line":148,"column":16},"end":{"line":152,"column":3}},"line":148}},"branchMap":{"0":{"loc":{"start":{"line":9,"column":1},"end":{"line":14,"column":2}},"type":"if","locations":[{"start":{"line":9,"column":1},"end":{"line":14,"column":2}},{"start":{},"end":{}}],"line":9},"1":{"loc":{"start":{"line":34,"column":15},"end":{"line":34,"column":81}},"type":"binary-expr","locations":[{"start":{"line":34,"column":15},"end":{"line":34,"column":26}},{"start":{"line":34,"column":30},"end":{"line":34,"column":81}}],"line":34},"2":{"loc":{"start":{"line":40,"column":13},"end":{"line":40,"column":75}},"type":"binary-expr","locations":[{"start":{"line":40,"column":13},"end":{"line":40,"column":24}},{"start":{"line":40,"column":28},"end":{"line":40,"column":75}}],"line":40},"3":{"loc":{"start":{"line":54,"column":5},"end":{"line":54,"column":67}},"type":"binary-expr","locations":[{"start":{"line":54,"column":5},"end":{"line":54,"column":16}},{"start":{"line":54,"column":20},"end":{"line":54,"column":67}}],"line":54},"4":{"loc":{"start":{"line":63,"column":17},"end":{"line":63,"column":67}},"type":"cond-expr","locations":[{"start":{"line":63,"column":24},"end":{"line":63,"column":60}},{"start":{"line":63,"column":63},"end":{"line":63,"column":67}}],"line":63},"5":{"loc":{"start":{"line":65,"column":1},"end":{"line":80,"column":2}},"type":"if","locations":[{"start":{"line":65,"column":1},"end":{"line":80,"column":2}},{"start":{"line":76,"column":8},"end":{"line":80,"column":2}}],"line":65},"6":{"loc":{"start":{"line":73,"column":6},"end":{"line":73,"column":67}},"type":"binary-expr","locations":[{"start":{"line":73,"column":6},"end":{"line":73,"column":17}},{"start":{"line":73,"column":21},"end":{"line":73,"column":67}}],"line":73},"7":{"loc":{"start":{"line":89,"column":3},"end":{"line":95,"column":4}},"type":"if","locations":[{"start":{"line":89,"column":3},"end":{"line":95,"column":4}},{"start":{"line":91,"column":10},"end":{"line":95,"column":4}}],"line":89},"8":{"loc":{"start":{"line":100,"column":5},"end":{"line":100,"column":72}},"type":"binary-expr","locations":[{"start":{"line":100,"column":5},"end":{"line":100,"column":16}},{"start":{"line":100,"column":20},"end":{"line":100,"column":72}}],"line":100},"9":{"loc":{"start":{"line":113,"column":3},"end":{"line":121,"column":4}},"type":"if","locations":[{"start":{"line":113,"column":3},"end":{"line":121,"column":4}},{"start":{"line":117,"column":10},"end":{"line":121,"column":4}}],"line":113},"10":{"loc":{"start":{"line":138,"column":3},"end":{"line":146,"column":4}},"type":"if","locations":[{"start":{"line":138,"column":3},"end":{"line":146,"column":4}},{"start":{"line":142,"column":10},"end":{"line":146,"column":4}}],"line":138}},"s":{"0":11,"1":11,"2":11,"3":11,"4":11,"5":0,"6":0,"7":0,"8":0,"9":0,"10":0,"11":0,"12":0,"13":0,"14":0,"15":11,"16":0,"17":0,"18":0,"19":11,"20":0,"21":0,"22":0,"23":0,"24":0,"25":0,"26":0,"27":0,"28":11,"29":0,"30":0,"31":0,"32":0,"33":0,"34":0,"35":11,"36":0,"37":0,"38":0,"39":0,"40":0,"41":0,"42":11,"43":0,"44":0,"45":0,"46":0,"47":0,"48":0},"f":{"0":0,"1":0,"2":0,"3":0,"4":0,"5":0,"6":0,"7":0,"8":0,"9":0,"10":0,"11":0,"12":0,"13":0,"14":0,"15":0,"16":0,"17":0,"18":0,"19":0},"b":{"0":[0,0],"1":[0,0],"2":[0,0],"3":[0,0],"4":[0,0],"5":[0,0],"6":[0,0],"7":[0,0],"8":[0,0],"9":[0,0],"10":[0,0]},"_coverageSchema":"1a1c01bbd47fc00a2c39e90264f33305004495a9","hash":"24ff8fd6dd8da3457689086b8641f0de60c8bf40"}
,"C:\\Users\\Utilisateur\\Documents\\Dev\\www\\Home2Air-API__\\controllers\\probeController.js": {"path":"C:\\Users\\Utilisateur\\Documents\\Dev\\www\\Home2Air-API__\\controllers\\probeController.js","statementMap":{"0":{"start":{"line":1,"column":16},"end":{"line":1,"column":34}},"1":{"start":{"line":5,"column":1},"end":{"line":5,"column":67}},"2":{"start":{"line":10,"column":19},"end":{"line":10,"column":21}},"3":{"start":{"line":11,"column":1},"end":{"line":28,"column":2}},"4":{"start":{"line":11,"column":14},"end":{"line":11,"column":15}},"5":{"start":{"line":12,"column":15},"end":{"line":12,"column":25}},"6":{"start":{"line":13,"column":2},"end":{"line":13,"column":41}},"7":{"start":{"line":14,"column":14},"end":{"line":26,"column":3}},"8":{"start":{"line":27,"column":2},"end":{"line":27,"column":22}},"9":{"start":{"line":29,"column":1},"end":{"line":29,"column":18}},"10":{"start":{"line":32,"column":0},"end":{"line":56,"column":2}},"11":{"start":{"line":33,"column":13},"end":{"line":33,"column":23}},"12":{"start":{"line":34,"column":23},"end":{"line":34,"column":63}},"13":{"start":{"line":36,"column":27},"end":{"line":38,"column":2}},"14":{"start":{"line":37,"column":11},"end":{"line":37,"column":46}},"15":{"start":{"line":41,"column":21},"end":{"line":52,"column":2}},"16":{"start":{"line":55,"column":1},"end":{"line":55,"column":35}},"17":{"start":{"line":59,"column":11},"end":{"line":59,"column":12}},"18":{"start":{"line":60,"column":1},"end":{"line":62,"column":2}},"19":{"start":{"line":60,"column":14},"end":{"line":60,"column":15}},"20":{"start":{"line":61,"column":3},"end":{"line":61,"column":28}},"21":{"start":{"line":63,"column":1},"end":{"line":63,"column":51}},"22":{"start":{"line":66,"column":0},"end":{"line":81,"column":2}},"23":{"start":{"line":67,"column":1},"end":{"line":80,"column":3}},"24":{"start":{"line":73,"column":3},"end":{"line":78,"column":4}},"25":{"start":{"line":74,"column":4},"end":{"line":74,"column":23}},"26":{"start":{"line":76,"column":4},"end":{"line":76,"column":22}},"27":{"start":{"line":77,"column":4},"end":{"line":77,"column":38}},"28":{"start":{"line":83,"column":0},"end":{"line":98,"column":2}},"29":{"start":{"line":84,"column":1},"end":{"line":97,"column":3}},"30":{"start":{"line":90,"column":3},"end":{"line":95,"column":4}},"31":{"start":{"line":91,"column":4},"end":{"line":91,"column":23}},"32":{"start":{"line":93,"column":4},"end":{"line":93,"column":22}},"33":{"start":{"line":94,"column":4},"end":{"line":94,"column":38}},"34":{"start":{"line":100,"column":0},"end":{"line":115,"column":2}},"35":{"start":{"line":101,"column":1},"end":{"line":114,"column":3}},"36":{"start":{"line":107,"column":3},"end":{"line":112,"column":4}},"37":{"start":{"line":108,"column":4},"end":{"line":108,"column":23}},"38":{"start":{"line":110,"column":4},"end":{"line":110,"column":22}},"39":{"start":{"line":111,"column":4},"end":{"line":111,"column":38}},"40":{"start":{"line":116,"column":0},"end":{"line":131,"column":2}},"41":{"start":{"line":117,"column":1},"end":{"line":130,"column":3}},"42":{"start":{"line":123,"column":3},"end":{"line":128,"column":4}},"43":{"start":{"line":124,"column":4},"end":{"line":124,"column":23}},"44":{"start":{"line":126,"column":4},"end":{"line":126,"column":22}},"45":{"start":{"line":127,"column":4},"end":{"line":127,"column":38}},"46":{"start":{"line":132,"column":0},"end":{"line":147,"column":2}},"47":{"start":{"line":133,"column":1},"end":{"line":146,"column":3}},"48":{"start":{"line":139,"column":3},"end":{"line":144,"column":4}},"49":{"start":{"line":140,"column":4},"end":{"line":140,"column":23}},"50":{"start":{"line":142,"column":4},"end":{"line":142,"column":22}},"51":{"start":{"line":143,"column":4},"end":{"line":143,"column":38}},"52":{"start":{"line":148,"column":0},"end":{"line":163,"column":2}},"53":{"start":{"line":149,"column":1},"end":{"line":162,"column":3}},"54":{"start":{"line":155,"column":3},"end":{"line":160,"column":4}},"55":{"start":{"line":156,"column":4},"end":{"line":156,"column":23}},"56":{"start":{"line":158,"column":4},"end":{"line":158,"column":22}},"57":{"start":{"line":159,"column":4},"end":{"line":159,"column":38}},"58":{"start":{"line":165,"column":0},"end":{"line":180,"column":2}},"59":{"start":{"line":166,"column":1},"end":{"line":179,"column":3}},"60":{"start":{"line":172,"column":3},"end":{"line":177,"column":4}},"61":{"start":{"line":173,"column":4},"end":{"line":173,"column":23}},"62":{"start":{"line":175,"column":4},"end":{"line":175,"column":22}},"63":{"start":{"line":176,"column":4},"end":{"line":176,"column":38}},"64":{"start":{"line":182,"column":0},"end":{"line":197,"column":2}},"65":{"start":{"line":183,"column":1},"end":{"line":196,"column":3}},"66":{"start":{"line":189,"column":3},"end":{"line":194,"column":4}},"67":{"start":{"line":190,"column":4},"end":{"line":190,"column":23}},"68":{"start":{"line":192,"column":4},"end":{"line":192,"column":22}},"69":{"start":{"line":193,"column":4},"end":{"line":193,"column":38}},"70":{"start":{"line":199,"column":0},"end":{"line":214,"column":2}},"71":{"start":{"line":200,"column":1},"end":{"line":213,"column":3}},"72":{"start":{"line":206,"column":3},"end":{"line":211,"column":4}},"73":{"start":{"line":207,"column":4},"end":{"line":207,"column":23}},"74":{"start":{"line":209,"column":4},"end":{"line":209,"column":22}},"75":{"start":{"line":210,"column":4},"end":{"line":210,"column":38}},"76":{"start":{"line":216,"column":0},"end":{"line":231,"column":2}},"77":{"start":{"line":217,"column":1},"end":{"line":230,"column":3}},"78":{"start":{"line":223,"column":3},"end":{"line":228,"column":4}},"79":{"start":{"line":224,"column":4},"end":{"line":224,"column":23}},"80":{"start":{"line":226,"column":4},"end":{"line":226,"column":22}},"81":{"start":{"line":227,"column":4},"end":{"line":227,"column":38}},"82":{"start":{"line":233,"column":0},"end":{"line":248,"column":2}},"83":{"start":{"line":234,"column":1},"end":{"line":247,"column":3}},"84":{"start":{"line":240,"column":3},"end":{"line":245,"column":4}},"85":{"start":{"line":241,"column":4},"end":{"line":241,"column":23}},"86":{"start":{"line":243,"column":4},"end":{"line":243,"column":22}},"87":{"start":{"line":244,"column":4},"end":{"line":244,"column":38}}},"fnMap":{"0":{"name":"getRandomFloat","decl":{"start":{"line":4,"column":9},"end":{"line":4,"column":23}},"loc":{"start":{"line":4,"column":34},"end":{"line":6,"column":1}},"line":4},"1":{"name":"buildDummyDatas","decl":{"start":{"line":9,"column":9},"end":{"line":9,"column":24}},"loc":{"start":{"line":9,"column":27},"end":{"line":30,"column":1}},"line":9},"2":{"name":"(anonymous_2)","decl":{"start":{"line":32,"column":28},"end":{"line":32,"column":29}},"loc":{"start":{"line":32,"column":42},"end":{"line":56,"column":1}},"line":32},"3":{"name":"(anonymous_3)","decl":{"start":{"line":37,"column":2},"end":{"line":37,"column":3}},"loc":{"start":{"line":37,"column":11},"end":{"line":37,"column":46}},"line":37},"4":{"name":"calculateAverage","decl":{"start":{"line":58,"column":9},"end":{"line":58,"column":25}},"loc":{"start":{"line":58,"column":42},"end":{"line":64,"column":3}},"line":58},"5":{"name":"(anonymous_5)","decl":{"start":{"line":66,"column":24},"end":{"line":66,"column":25}},"loc":{"start":{"line":66,"column":38},"end":{"line":81,"column":1}},"line":66},"6":{"name":"(anonymous_6)","decl":{"start":{"line":72,"column":2},"end":{"line":72,"column":3}},"loc":{"start":{"line":72,"column":17},"end":{"line":79,"column":3}},"line":72},"7":{"name":"(anonymous_7)","decl":{"start":{"line":83,"column":21},"end":{"line":83,"column":22}},"loc":{"start":{"line":83,"column":30},"end":{"line":98,"column":1}},"line":83},"8":{"name":"(anonymous_8)","decl":{"start":{"line":89,"column":2},"end":{"line":89,"column":3}},"loc":{"start":{"line":89,"column":17},"end":{"line":96,"column":3}},"line":89},"9":{"name":"(anonymous_9)","decl":{"start":{"line":100,"column":22},"end":{"line":100,"column":23}},"loc":{"start":{"line":100,"column":31},"end":{"line":115,"column":1}},"line":100},"10":{"name":"(anonymous_10)","decl":{"start":{"line":106,"column":2},"end":{"line":106,"column":3}},"loc":{"start":{"line":106,"column":17},"end":{"line":113,"column":3}},"line":106},"11":{"name":"(anonymous_11)","decl":{"start":{"line":116,"column":21},"end":{"line":116,"column":22}},"loc":{"start":{"line":116,"column":30},"end":{"line":131,"column":1}},"line":116},"12":{"name":"(anonymous_12)","decl":{"start":{"line":122,"column":2},"end":{"line":122,"column":3}},"loc":{"start":{"line":122,"column":17},"end":{"line":129,"column":3}},"line":122},"13":{"name":"(anonymous_13)","decl":{"start":{"line":132,"column":22},"end":{"line":132,"column":23}},"loc":{"start":{"line":132,"column":31},"end":{"line":147,"column":1}},"line":132},"14":{"name":"(anonymous_14)","decl":{"start":{"line":138,"column":2},"end":{"line":138,"column":3}},"loc":{"start":{"line":138,"column":17},"end":{"line":145,"column":3}},"line":138},"15":{"name":"(anonymous_15)","decl":{"start":{"line":148,"column":23},"end":{"line":148,"column":24}},"loc":{"start":{"line":148,"column":32},"end":{"line":163,"column":1}},"line":148},"16":{"name":"(anonymous_16)","decl":{"start":{"line":154,"column":2},"end":{"line":154,"column":3}},"loc":{"start":{"line":154,"column":17},"end":{"line":161,"column":3}},"line":154},"17":{"name":"(anonymous_17)","decl":{"start":{"line":165,"column":22},"end":{"line":165,"column":23}},"loc":{"start":{"line":165,"column":36},"end":{"line":180,"column":1}},"line":165},"18":{"name":"(anonymous_18)","decl":{"start":{"line":171,"column":2},"end":{"line":171,"column":3}},"loc":{"start":{"line":171,"column":17},"end":{"line":178,"column":3}},"line":171},"19":{"name":"(anonymous_19)","decl":{"start":{"line":182,"column":23},"end":{"line":182,"column":24}},"loc":{"start":{"line":182,"column":38},"end":{"line":197,"column":1}},"line":182},"20":{"name":"(anonymous_20)","decl":{"start":{"line":188,"column":2},"end":{"line":188,"column":3}},"loc":{"start":{"line":188,"column":17},"end":{"line":195,"column":3}},"line":188},"21":{"name":"(anonymous_21)","decl":{"start":{"line":199,"column":22},"end":{"line":199,"column":23}},"loc":{"start":{"line":199,"column":36},"end":{"line":214,"column":1}},"line":199},"22":{"name":"(anonymous_22)","decl":{"start":{"line":205,"column":2},"end":{"line":205,"column":3}},"loc":{"start":{"line":205,"column":17},"end":{"line":212,"column":3}},"line":205},"23":{"name":"(anonymous_23)","decl":{"start":{"line":216,"column":23},"end":{"line":216,"column":24}},"loc":{"start":{"line":216,"column":38},"end":{"line":231,"column":1}},"line":216},"24":{"name":"(anonymous_24)","decl":{"start":{"line":222,"column":2},"end":{"line":222,"column":3}},"loc":{"start":{"line":222,"column":17},"end":{"line":229,"column":3}},"line":222},"25":{"name":"(anonymous_25)","decl":{"start":{"line":233,"column":24},"end":{"line":233,"column":25}},"loc":{"start":{"line":233,"column":40},"end":{"line":248,"column":1}},"line":233},"26":{"name":"(anonymous_26)","decl":{"start":{"line":239,"column":2},"end":{"line":239,"column":3}},"loc":{"start":{"line":239,"column":17},"end":{"line":246,"column":3}},"line":239}},"branchMap":{"0":{"loc":{"start":{"line":73,"column":3},"end":{"line":78,"column":4}},"type":"if","locations":[{"start":{"line":73,"column":3},"end":{"line":78,"column":4}},{"start":{"line":75,"column":10},"end":{"line":78,"column":4}}],"line":73},"1":{"loc":{"start":{"line":90,"column":3},"end":{"line":95,"column":4}},"type":"if","locations":[{"start":{"line":90,"column":3},"end":{"line":95,"column":4}},{"start":{"line":92,"column":10},"end":{"line":95,"column":4}}],"line":90},"2":{"loc":{"start":{"line":107,"column":3},"end":{"line":112,"column":4}},"type":"if","locations":[{"start":{"line":107,"column":3},"end":{"line":112,"column":4}},{"start":{"line":109,"column":10},"end":{"line":112,"column":4}}],"line":107},"3":{"loc":{"start":{"line":123,"column":3},"end":{"line":128,"column":4}},"type":"if","locations":[{"start":{"line":123,"column":3},"end":{"line":128,"column":4}},{"start":{"line":125,"column":10},"end":{"line":128,"column":4}}],"line":123},"4":{"loc":{"start":{"line":139,"column":3},"end":{"line":144,"column":4}},"type":"if","locations":[{"start":{"line":139,"column":3},"end":{"line":144,"column":4}},{"start":{"line":141,"column":10},"end":{"line":144,"column":4}}],"line":139},"5":{"loc":{"start":{"line":155,"column":3},"end":{"line":160,"column":4}},"type":"if","locations":[{"start":{"line":155,"column":3},"end":{"line":160,"column":4}},{"start":{"line":157,"column":10},"end":{"line":160,"column":4}}],"line":155},"6":{"loc":{"start":{"line":172,"column":3},"end":{"line":177,"column":4}},"type":"if","locations":[{"start":{"line":172,"column":3},"end":{"line":177,"column":4}},{"start":{"line":174,"column":10},"end":{"line":177,"column":4}}],"line":172},"7":{"loc":{"start":{"line":189,"column":3},"end":{"line":194,"column":4}},"type":"if","locations":[{"start":{"line":189,"column":3},"end":{"line":194,"column":4}},{"start":{"line":191,"column":10},"end":{"line":194,"column":4}}],"line":189},"8":{"loc":{"start":{"line":206,"column":3},"end":{"line":211,"column":4}},"type":"if","locations":[{"start":{"line":206,"column":3},"end":{"line":211,"column":4}},{"start":{"line":208,"column":10},"end":{"line":211,"column":4}}],"line":206},"9":{"loc":{"start":{"line":223,"column":3},"end":{"line":228,"column":4}},"type":"if","locations":[{"start":{"line":223,"column":3},"end":{"line":228,"column":4}},{"start":{"line":225,"column":10},"end":{"line":228,"column":4}}],"line":223},"10":{"loc":{"start":{"line":240,"column":3},"end":{"line":245,"column":4}},"type":"if","locations":[{"start":{"line":240,"column":3},"end":{"line":245,"column":4}},{"start":{"line":242,"column":10},"end":{"line":245,"column":4}}],"line":240}},"s":{"0":11,"1":100,"2":1,"3":1,"4":1,"5":10,"6":10,"7":10,"8":10,"9":1,"10":11,"11":1,"12":1,"13":1,"14":10,"15":1,"16":1,"17":10,"18":10,"19":10,"20":100,"21":10,"22":11,"23":0,"24":0,"25":0,"26":0,"27":0,"28":11,"29":0,"30":0,"31":0,"32":0,"33":0,"34":11,"35":0,"36":0,"37":0,"38":0,"39":0,"40":11,"41":0,"42":0,"43":0,"44":0,"45":0,"46":11,"47":0,"48":0,"49":0,"50":0,"51":0,"52":11,"53":0,"54":0,"55":0,"56":0,"57":0,"58":11,"59":0,"60":0,"61":0,"62":0,"63":0,"64":11,"65":0,"66":0,"67":0,"68":0,"69":0,"70":11,"71":0,"72":0,"73":0,"74":0,"75":0,"76":11,"77":0,"78":0,"79":0,"80":0,"81":0,"82":11,"83":0,"84":0,"85":0,"86":0,"87":0},"f":{"0":100,"1":1,"2":1,"3":10,"4":10,"5":0,"6":0,"7":0,"8":0,"9":0,"10":0,"11":0,"12":0,"13":0,"14":0,"15":0,"16":0,"17":0,"18":0,"19":0,"20":0,"21":0,"22":0,"23":0,"24":0,"25":0,"26":0},"b":{"0":[0,0],"1":[0,0],"2":[0,0],"3":[0,0],"4":[0,0],"5":[0,0],"6":[0,0],"7":[0,0],"8":[0,0],"9":[0,0],"10":[0,0]},"_coverageSchema":"1a1c01bbd47fc00a2c39e90264f33305004495a9","hash":"16e9ae961565a847c58a94cf3976b7412639d5f1"}
,"C:\\Users\\Utilisateur\\Documents\\Dev\\www\\Home2Air-API__\\controllers\\rolesController.js": {"path":"C:\\Users\\Utilisateur\\Documents\\Dev\\www\\Home2Air-API__\\controllers\\rolesController.js","statementMap":{"0":{"start":{"line":1,"column":11},"end":{"line":1,"column":31}},"1":{"start":{"line":2,"column":14},"end":{"line":2,"column":22}},"2":{"start":{"line":3,"column":11},"end":{"line":3,"column":26}},"3":{"start":{"line":6,"column":0},"end":{"line":30,"column":2}},"4":{"start":{"line":8,"column":1},"end":{"line":13,"column":2}},"5":{"start":{"line":9,"column":2},"end":{"line":11,"column":5}},"6":{"start":{"line":12,"column":2},"end":{"line":12,"column":9}},"7":{"start":{"line":16,"column":15},"end":{"line":18,"column":2}},"8":{"start":{"line":19,"column":1},"end":{"line":19,"column":20}},"9":{"start":{"line":21,"column":1},"end":{"line":29,"column":5}},"10":{"start":{"line":23,"column":3},"end":{"line":23,"column":18}},"11":{"start":{"line":26,"column":3},"end":{"line":28,"column":6}},"12":{"start":{"line":33,"column":0},"end":{"line":44,"column":2}},"13":{"start":{"line":34,"column":1},"end":{"line":43,"column":5}},"14":{"start":{"line":36,"column":3},"end":{"line":36,"column":18}},"15":{"start":{"line":39,"column":3},"end":{"line":42,"column":6}},"16":{"start":{"line":47,"column":0},"end":{"line":68,"column":2}},"17":{"start":{"line":48,"column":14},"end":{"line":48,"column":27}},"18":{"start":{"line":50,"column":17},"end":{"line":50,"column":67}},"19":{"start":{"line":51,"column":1},"end":{"line":51,"column":24}},"20":{"start":{"line":52,"column":1},"end":{"line":67,"column":2}},"21":{"start":{"line":53,"column":2},"end":{"line":62,"column":6}},"22":{"start":{"line":55,"column":4},"end":{"line":55,"column":19}},"23":{"start":{"line":58,"column":4},"end":{"line":61,"column":7}},"24":{"start":{"line":64,"column":2},"end":{"line":66,"column":5}},"25":{"start":{"line":71,"column":0},"end":{"line":90,"column":2}},"26":{"start":{"line":72,"column":12},"end":{"line":72,"column":23}},"27":{"start":{"line":74,"column":1},"end":{"line":89,"column":5}},"28":{"start":{"line":76,"column":3},"end":{"line":82,"column":4}},"29":{"start":{"line":77,"column":4},"end":{"line":77,"column":19}},"30":{"start":{"line":79,"column":4},"end":{"line":81,"column":7}},"31":{"start":{"line":85,"column":3},"end":{"line":88,"column":6}},"32":{"start":{"line":93,"column":0},"end":{"line":115,"column":2}},"33":{"start":{"line":94,"column":12},"end":{"line":94,"column":25}},"34":{"start":{"line":96,"column":1},"end":{"line":114,"column":5}},"35":{"start":{"line":100,"column":3},"end":{"line":108,"column":4}},"36":{"start":{"line":101,"column":4},"end":{"line":103,"column":7}},"37":{"start":{"line":105,"column":4},"end":{"line":107,"column":7}},"38":{"start":{"line":111,"column":3},"end":{"line":113,"column":6}},"39":{"start":{"line":118,"column":0},"end":{"line":140,"column":2}},"40":{"start":{"line":119,"column":12},"end":{"line":119,"column":23}},"41":{"start":{"line":121,"column":1},"end":{"line":139,"column":5}},"42":{"start":{"line":125,"column":3},"end":{"line":133,"column":4}},"43":{"start":{"line":126,"column":4},"end":{"line":128,"column":7}},"44":{"start":{"line":130,"column":4},"end":{"line":132,"column":7}},"45":{"start":{"line":136,"column":3},"end":{"line":138,"column":6}}},"fnMap":{"0":{"name":"(anonymous_0)","decl":{"start":{"line":6,"column":17},"end":{"line":6,"column":18}},"loc":{"start":{"line":6,"column":31},"end":{"line":30,"column":1}},"line":6},"1":{"name":"(anonymous_1)","decl":{"start":{"line":22,"column":8},"end":{"line":22,"column":9}},"loc":{"start":{"line":22,"column":16},"end":{"line":24,"column":3}},"line":22},"2":{"name":"(anonymous_2)","decl":{"start":{"line":25,"column":9},"end":{"line":25,"column":10}},"loc":{"start":{"line":25,"column":16},"end":{"line":29,"column":3}},"line":25},"3":{"name":"(anonymous_3)","decl":{"start":{"line":33,"column":18},"end":{"line":33,"column":19}},"loc":{"start":{"line":33,"column":32},"end":{"line":44,"column":1}},"line":33},"4":{"name":"(anonymous_4)","decl":{"start":{"line":35,"column":8},"end":{"line":35,"column":9}},"loc":{"start":{"line":35,"column":16},"end":{"line":37,"column":3}},"line":35},"5":{"name":"(anonymous_5)","decl":{"start":{"line":38,"column":9},"end":{"line":38,"column":10}},"loc":{"start":{"line":38,"column":16},"end":{"line":43,"column":3}},"line":38},"6":{"name":"(anonymous_6)","decl":{"start":{"line":47,"column":17},"end":{"line":47,"column":18}},"loc":{"start":{"line":47,"column":31},"end":{"line":68,"column":1}},"line":47},"7":{"name":"(anonymous_7)","decl":{"start":{"line":54,"column":9},"end":{"line":54,"column":10}},"loc":{"start":{"line":54,"column":17},"end":{"line":56,"column":4}},"line":54},"8":{"name":"(anonymous_8)","decl":{"start":{"line":57,"column":10},"end":{"line":57,"column":11}},"loc":{"start":{"line":57,"column":17},"end":{"line":62,"column":4}},"line":57},"9":{"name":"(anonymous_9)","decl":{"start":{"line":71,"column":22},"end":{"line":71,"column":23}},"loc":{"start":{"line":71,"column":36},"end":{"line":90,"column":1}},"line":71},"10":{"name":"(anonymous_10)","decl":{"start":{"line":75,"column":8},"end":{"line":75,"column":9}},"loc":{"start":{"line":75,"column":16},"end":{"line":83,"column":3}},"line":75},"11":{"name":"(anonymous_11)","decl":{"start":{"line":84,"column":9},"end":{"line":84,"column":10}},"loc":{"start":{"line":84,"column":16},"end":{"line":89,"column":3}},"line":84},"12":{"name":"(anonymous_12)","decl":{"start":{"line":93,"column":17},"end":{"line":93,"column":18}},"loc":{"start":{"line":93,"column":31},"end":{"line":115,"column":1}},"line":93},"13":{"name":"(anonymous_13)","decl":{"start":{"line":99,"column":8},"end":{"line":99,"column":9}},"loc":{"start":{"line":99,"column":15},"end":{"line":109,"column":3}},"line":99},"14":{"name":"(anonymous_14)","decl":{"start":{"line":110,"column":9},"end":{"line":110,"column":10}},"loc":{"start":{"line":110,"column":16},"end":{"line":114,"column":3}},"line":110},"15":{"name":"(anonymous_15)","decl":{"start":{"line":118,"column":17},"end":{"line":118,"column":18}},"loc":{"start":{"line":118,"column":31},"end":{"line":140,"column":1}},"line":118},"16":{"name":"(anonymous_16)","decl":{"start":{"line":124,"column":8},"end":{"line":124,"column":9}},"loc":{"start":{"line":124,"column":15},"end":{"line":134,"column":3}},"line":124},"17":{"name":"(anonymous_17)","decl":{"start":{"line":135,"column":9},"end":{"line":135,"column":10}},"loc":{"start":{"line":135,"column":16},"end":{"line":139,"column":3}},"line":135}},"branchMap":{"0":{"loc":{"start":{"line":8,"column":1},"end":{"line":13,"column":2}},"type":"if","locations":[{"start":{"line":8,"column":1},"end":{"line":13,"column":2}},{"start":{},"end":{}}],"line":8},"1":{"loc":{"start":{"line":27,"column":13},"end":{"line":27,"column":75}},"type":"binary-expr","locations":[{"start":{"line":27,"column":13},"end":{"line":27,"column":24}},{"start":{"line":27,"column":28},"end":{"line":27,"column":75}}],"line":27},"2":{"loc":{"start":{"line":41,"column":5},"end":{"line":41,"column":65}},"type":"binary-expr","locations":[{"start":{"line":41,"column":5},"end":{"line":41,"column":16}},{"start":{"line":41,"column":20},"end":{"line":41,"column":65}}],"line":41},"3":{"loc":{"start":{"line":50,"column":17},"end":{"line":50,"column":67}},"type":"cond-expr","locations":[{"start":{"line":50,"column":24},"end":{"line":50,"column":60}},{"start":{"line":50,"column":63},"end":{"line":50,"column":67}}],"line":50},"4":{"loc":{"start":{"line":52,"column":1},"end":{"line":67,"column":2}},"type":"if","locations":[{"start":{"line":52,"column":1},"end":{"line":67,"column":2}},{"start":{"line":63,"column":8},"end":{"line":67,"column":2}}],"line":52},"5":{"loc":{"start":{"line":60,"column":6},"end":{"line":60,"column":66}},"type":"binary-expr","locations":[{"start":{"line":60,"column":6},"end":{"line":60,"column":17}},{"start":{"line":60,"column":21},"end":{"line":60,"column":66}}],"line":60},"6":{"loc":{"start":{"line":76,"column":3},"end":{"line":82,"column":4}},"type":"if","locations":[{"start":{"line":76,"column":3},"end":{"line":82,"column":4}},{"start":{"line":78,"column":10},"end":{"line":82,"column":4}}],"line":76},"7":{"loc":{"start":{"line":87,"column":5},"end":{"line":87,"column":70}},"type":"binary-expr","locations":[{"start":{"line":87,"column":5},"end":{"line":87,"column":16}},{"start":{"line":87,"column":20},"end":{"line":87,"column":70}}],"line":87},"8":{"loc":{"start":{"line":100,"column":3},"end":{"line":108,"column":4}},"type":"if","locations":[{"start":{"line":100,"column":3},"end":{"line":108,"column":4}},{"start":{"line":104,"column":10},"end":{"line":108,"column":4}}],"line":100},"9":{"loc":{"start":{"line":125,"column":3},"end":{"line":133,"column":4}},"type":"if","locations":[{"start":{"line":125,"column":3},"end":{"line":133,"column":4}},{"start":{"line":129,"column":10},"end":{"line":133,"column":4}}],"line":125}},"s":{"0":11,"1":11,"2":11,"3":11,"4":0,"5":0,"6":0,"7":0,"8":0,"9":0,"10":0,"11":0,"12":11,"13":0,"14":0,"15":0,"16":11,"17":0,"18":0,"19":0,"20":0,"21":0,"22":0,"23":0,"24":0,"25":11,"26":0,"27":0,"28":0,"29":0,"30":0,"31":0,"32":11,"33":0,"34":0,"35":0,"36":0,"37":0,"38":0,"39":11,"40":0,"41":0,"42":0,"43":0,"44":0,"45":0},"f":{"0":0,"1":0,"2":0,"3":0,"4":0,"5":0,"6":0,"7":0,"8":0,"9":0,"10":0,"11":0,"12":0,"13":0,"14":0,"15":0,"16":0,"17":0},"b":{"0":[0,0],"1":[0,0],"2":[0,0],"3":[0,0],"4":[0,0],"5":[0,0],"6":[0,0],"7":[0,0],"8":[0,0],"9":[0,0]},"_coverageSchema":"1a1c01bbd47fc00a2c39e90264f33305004495a9","hash":"66c65ca0e544c746ade16c160d7b9d3f9067064a"}
,"C:\\Users\\Utilisateur\\Documents\\Dev\\www\\Home2Air-API__\\controllers\\roomController.js": {"path":"C:\\Users\\Utilisateur\\Documents\\Dev\\www\\Home2Air-API__\\controllers\\roomController.js","statementMap":{"0":{"start":{"line":1,"column":11},"end":{"line":1,"column":31}},"1":{"start":{"line":2,"column":13},"end":{"line":2,"column":20}},"2":{"start":{"line":3,"column":11},"end":{"line":3,"column":26}},"3":{"start":{"line":6,"column":0},"end":{"line":37,"column":2}},"4":{"start":{"line":8,"column":1},"end":{"line":13,"column":2}},"5":{"start":{"line":9,"column":2},"end":{"line":11,"column":5}},"6":{"start":{"line":12,"column":2},"end":{"line":12,"column":9}},"7":{"start":{"line":14,"column":1},"end":{"line":19,"column":2}},"8":{"start":{"line":15,"column":2},"end":{"line":17,"column":5}},"9":{"start":{"line":18,"column":2},"end":{"line":18,"column":9}},"10":{"start":{"line":22,"column":14},"end":{"line":25,"column":2}},"11":{"start":{"line":26,"column":1},"end":{"line":26,"column":19}},"12":{"start":{"line":28,"column":1},"end":{"line":36,"column":5}},"13":{"start":{"line":30,"column":3},"end":{"line":30,"column":18}},"14":{"start":{"line":33,"column":3},"end":{"line":35,"column":6}},"15":{"start":{"line":40,"column":0},"end":{"line":51,"column":2}},"16":{"start":{"line":41,"column":1},"end":{"line":50,"column":5}},"17":{"start":{"line":43,"column":3},"end":{"line":43,"column":18}},"18":{"start":{"line":46,"column":3},"end":{"line":49,"column":6}},"19":{"start":{"line":54,"column":0},"end":{"line":75,"column":2}},"20":{"start":{"line":55,"column":14},"end":{"line":55,"column":27}},"21":{"start":{"line":57,"column":17},"end":{"line":57,"column":67}},"22":{"start":{"line":58,"column":1},"end":{"line":58,"column":24}},"23":{"start":{"line":59,"column":1},"end":{"line":74,"column":2}},"24":{"start":{"line":60,"column":2},"end":{"line":69,"column":6}},"25":{"start":{"line":62,"column":4},"end":{"line":62,"column":19}},"26":{"start":{"line":65,"column":4},"end":{"line":68,"column":7}},"27":{"start":{"line":71,"column":2},"end":{"line":73,"column":5}},"28":{"start":{"line":78,"column":0},"end":{"line":97,"column":2}},"29":{"start":{"line":79,"column":12},"end":{"line":79,"column":23}},"30":{"start":{"line":81,"column":1},"end":{"line":96,"column":5}},"31":{"start":{"line":83,"column":3},"end":{"line":89,"column":4}},"32":{"start":{"line":84,"column":4},"end":{"line":84,"column":19}},"33":{"start":{"line":86,"column":4},"end":{"line":88,"column":7}},"34":{"start":{"line":92,"column":3},"end":{"line":95,"column":6}},"35":{"start":{"line":100,"column":0},"end":{"line":122,"column":2}},"36":{"start":{"line":101,"column":12},"end":{"line":101,"column":25}},"37":{"start":{"line":103,"column":1},"end":{"line":121,"column":5}},"38":{"start":{"line":107,"column":3},"end":{"line":115,"column":4}},"39":{"start":{"line":108,"column":4},"end":{"line":110,"column":7}},"40":{"start":{"line":112,"column":4},"end":{"line":114,"column":7}},"41":{"start":{"line":118,"column":3},"end":{"line":120,"column":6}},"42":{"start":{"line":125,"column":0},"end":{"line":147,"column":2}},"43":{"start":{"line":126,"column":12},"end":{"line":126,"column":23}},"44":{"start":{"line":128,"column":1},"end":{"line":146,"column":5}},"45":{"start":{"line":132,"column":3},"end":{"line":140,"column":4}},"46":{"start":{"line":133,"column":4},"end":{"line":135,"column":7}},"47":{"start":{"line":137,"column":4},"end":{"line":139,"column":7}},"48":{"start":{"line":143,"column":3},"end":{"line":145,"column":6}}},"fnMap":{"0":{"name":"(anonymous_0)","decl":{"start":{"line":6,"column":17},"end":{"line":6,"column":18}},"loc":{"start":{"line":6,"column":31},"end":{"line":37,"column":1}},"line":6},"1":{"name":"(anonymous_1)","decl":{"start":{"line":29,"column":8},"end":{"line":29,"column":9}},"loc":{"start":{"line":29,"column":16},"end":{"line":31,"column":3}},"line":29},"2":{"name":"(anonymous_2)","decl":{"start":{"line":32,"column":9},"end":{"line":32,"column":10}},"loc":{"start":{"line":32,"column":16},"end":{"line":36,"column":3}},"line":32},"3":{"name":"(anonymous_3)","decl":{"start":{"line":40,"column":18},"end":{"line":40,"column":19}},"loc":{"start":{"line":40,"column":32},"end":{"line":51,"column":1}},"line":40},"4":{"name":"(anonymous_4)","decl":{"start":{"line":42,"column":8},"end":{"line":42,"column":9}},"loc":{"start":{"line":42,"column":16},"end":{"line":44,"column":3}},"line":42},"5":{"name":"(anonymous_5)","decl":{"start":{"line":45,"column":9},"end":{"line":45,"column":10}},"loc":{"start":{"line":45,"column":16},"end":{"line":50,"column":3}},"line":45},"6":{"name":"(anonymous_6)","decl":{"start":{"line":54,"column":17},"end":{"line":54,"column":18}},"loc":{"start":{"line":54,"column":31},"end":{"line":75,"column":1}},"line":54},"7":{"name":"(anonymous_7)","decl":{"start":{"line":61,"column":9},"end":{"line":61,"column":10}},"loc":{"start":{"line":61,"column":17},"end":{"line":63,"column":4}},"line":61},"8":{"name":"(anonymous_8)","decl":{"start":{"line":64,"column":10},"end":{"line":64,"column":11}},"loc":{"start":{"line":64,"column":17},"end":{"line":69,"column":4}},"line":64},"9":{"name":"(anonymous_9)","decl":{"start":{"line":78,"column":22},"end":{"line":78,"column":23}},"loc":{"start":{"line":78,"column":36},"end":{"line":97,"column":1}},"line":78},"10":{"name":"(anonymous_10)","decl":{"start":{"line":82,"column":8},"end":{"line":82,"column":9}},"loc":{"start":{"line":82,"column":16},"end":{"line":90,"column":3}},"line":82},"11":{"name":"(anonymous_11)","decl":{"start":{"line":91,"column":9},"end":{"line":91,"column":10}},"loc":{"start":{"line":91,"column":16},"end":{"line":96,"column":3}},"line":91},"12":{"name":"(anonymous_12)","decl":{"start":{"line":100,"column":17},"end":{"line":100,"column":18}},"loc":{"start":{"line":100,"column":31},"end":{"line":122,"column":1}},"line":100},"13":{"name":"(anonymous_13)","decl":{"start":{"line":106,"column":8},"end":{"line":106,"column":9}},"loc":{"start":{"line":106,"column":15},"end":{"line":116,"column":3}},"line":106},"14":{"name":"(anonymous_14)","decl":{"start":{"line":117,"column":9},"end":{"line":117,"column":10}},"loc":{"start":{"line":117,"column":16},"end":{"line":121,"column":3}},"line":117},"15":{"name":"(anonymous_15)","decl":{"start":{"line":125,"column":17},"end":{"line":125,"column":18}},"loc":{"start":{"line":125,"column":31},"end":{"line":147,"column":1}},"line":125},"16":{"name":"(anonymous_16)","decl":{"start":{"line":131,"column":8},"end":{"line":131,"column":9}},"loc":{"start":{"line":131,"column":15},"end":{"line":141,"column":3}},"line":131},"17":{"name":"(anonymous_17)","decl":{"start":{"line":142,"column":9},"end":{"line":142,"column":10}},"loc":{"start":{"line":142,"column":16},"end":{"line":146,"column":3}},"line":142}},"branchMap":{"0":{"loc":{"start":{"line":8,"column":1},"end":{"line":13,"column":2}},"type":"if","locations":[{"start":{"line":8,"column":1},"end":{"line":13,"column":2}},{"start":{},"end":{}}],"line":8},"1":{"loc":{"start":{"line":14,"column":1},"end":{"line":19,"column":2}},"type":"if","locations":[{"start":{"line":14,"column":1},"end":{"line":19,"column":2}},{"start":{},"end":{}}],"line":14},"2":{"loc":{"start":{"line":34,"column":13},"end":{"line":34,"column":74}},"type":"binary-expr","locations":[{"start":{"line":34,"column":13},"end":{"line":34,"column":24}},{"start":{"line":34,"column":28},"end":{"line":34,"column":74}}],"line":34},"3":{"loc":{"start":{"line":48,"column":5},"end":{"line":48,"column":65}},"type":"binary-expr","locations":[{"start":{"line":48,"column":5},"end":{"line":48,"column":16}},{"start":{"line":48,"column":20},"end":{"line":48,"column":65}}],"line":48},"4":{"loc":{"start":{"line":57,"column":17},"end":{"line":57,"column":67}},"type":"cond-expr","locations":[{"start":{"line":57,"column":24},"end":{"line":57,"column":60}},{"start":{"line":57,"column":63},"end":{"line":57,"column":67}}],"line":57},"5":{"loc":{"start":{"line":59,"column":1},"end":{"line":74,"column":2}},"type":"if","locations":[{"start":{"line":59,"column":1},"end":{"line":74,"column":2}},{"start":{"line":70,"column":8},"end":{"line":74,"column":2}}],"line":59},"6":{"loc":{"start":{"line":67,"column":6},"end":{"line":67,"column":66}},"type":"binary-expr","locations":[{"start":{"line":67,"column":6},"end":{"line":67,"column":17}},{"start":{"line":67,"column":21},"end":{"line":67,"column":66}}],"line":67},"7":{"loc":{"start":{"line":83,"column":3},"end":{"line":89,"column":4}},"type":"if","locations":[{"start":{"line":83,"column":3},"end":{"line":89,"column":4}},{"start":{"line":85,"column":10},"end":{"line":89,"column":4}}],"line":83},"8":{"loc":{"start":{"line":94,"column":5},"end":{"line":94,"column":70}},"type":"binary-expr","locations":[{"start":{"line":94,"column":5},"end":{"line":94,"column":16}},{"start":{"line":94,"column":20},"end":{"line":94,"column":70}}],"line":94},"9":{"loc":{"start":{"line":107,"column":3},"end":{"line":115,"column":4}},"type":"if","locations":[{"start":{"line":107,"column":3},"end":{"line":115,"column":4}},{"start":{"line":111,"column":10},"end":{"line":115,"column":4}}],"line":107},"10":{"loc":{"start":{"line":132,"column":3},"end":{"line":140,"column":4}},"type":"if","locations":[{"start":{"line":132,"column":3},"end":{"line":140,"column":4}},{"start":{"line":136,"column":10},"end":{"line":140,"column":4}}],"line":132}},"s":{"0":11,"1":11,"2":11,"3":11,"4":1,"5":0,"6":0,"7":0,"8":0,"9":0,"10":0,"11":0,"12":0,"13":0,"14":0,"15":11,"16":0,"17":0,"18":0,"19":11,"20":0,"21":0,"22":0,"23":0,"24":0,"25":0,"26":0,"27":0,"28":11,"29":0,"30":0,"31":0,"32":0,"33":0,"34":0,"35":11,"36":0,"37":0,"38":0,"39":0,"40":0,"41":0,"42":11,"43":0,"44":0,"45":0,"46":0,"47":0,"48":0},"f":{"0":1,"1":0,"2":0,"3":0,"4":0,"5":0,"6":0,"7":0,"8":0,"9":0,"10":0,"11":0,"12":0,"13":0,"14":0,"15":0,"16":0,"17":0},"b":{"0":[0,0],"1":[0,0],"2":[0,0],"3":[0,0],"4":[0,0],"5":[0,0],"6":[0,0],"7":[0,0],"8":[0,0],"9":[0,0],"10":[0,0]},"_coverageSchema":"1a1c01bbd47fc00a2c39e90264f33305004495a9","hash":"db6790bc06175689cbf2a6a2be58cffbfe648b21"}
[...]
,"C:\\Users\\Utilisateur\\Documents\\Dev\\www\\Home2Air-API__\\models\\sensor.js": {"path":"C:\\Users\\Utilisateur\\Documents\\Dev\\www\\Home2Air-API__\\models\\sensor.js","statementMap":{"0":{"start":{"line":4,"column":4},"end":{"line":4,"column":24}},"1":{"start":{"line":5,"column":13},"end":{"line":5,"column":30}},"2":{"start":{"line":6,"column":13},"end":{"line":6,"column":30}},"3":{"start":{"line":7,"column":0},"end":{"line":37,"column":2}},"4":{"start":{"line":15,"column":6},"end":{"line":18,"column":9}},"5":{"start":{"line":19,"column":6},"end":{"line":22,"column":9}},"6":{"start":{"line":25,"column":2},"end":{"line":35,"column":5}},"7":{"start":{"line":36,"column":2},"end":{"line":36,"column":16}}},"fnMap":{"0":{"name":"(anonymous_0)","decl":{"start":{"line":7,"column":17},"end":{"line":7,"column":18}},"loc":{"start":{"line":7,"column":43},"end":{"line":37,"column":1}},"line":7},"1":{"name":"(anonymous_1)","decl":{"start":{"line":14,"column":4},"end":{"line":14,"column":5}},"loc":{"start":{"line":14,"column":35},"end":{"line":23,"column":5}},"line":14}},"branchMap":{},"s":{"0":11,"1":11,"2":11,"3":11,"4":11,"5":11,"6":11,"7":11},"f":{"0":11,"1":11},"b":{},"_coverageSchema":"1a1c01bbd47fc00a2c39e90264f33305004495a9","hash":"2a9cf15df18c61be655878a17182345468d311f2"}
,"C:\\Users\\Utilisateur\\Documents\\Dev\\www\\Home2Air-API__\\models\\tickets.js": {"path":"C:\\Users\\Utilisateur\\Documents\\Dev\\www\\Home2Air-API__\\models\\tickets.js","statementMap":{"0":{"start":{"line":4,"column":4},"end":{"line":4,"column":24}},"1":{"start":{"line":5,"column":0},"end":{"line":33,"column":2}},"2":{"start":{"line":13,"column":6},"end":{"line":16,"column":9}},"3":{"start":{"line":17,"column":6},"end":{"line":20,"column":9}},"4":{"start":{"line":24,"column":2},"end":{"line":31,"column":5}},"5":{"start":{"line":32,"column":2},"end":{"line":32,"column":17}}},"fnMap":{"0":{"name":"(anonymous_0)","decl":{"start":{"line":5,"column":17},"end":{"line":5,"column":18}},"loc":{"start":{"line":5,"column":43},"end":{"line":33,"column":1}},"line":5},"1":{"name":"(anonymous_1)","decl":{"start":{"line":12,"column":4},"end":{"line":12,"column":5}},"loc":{"start":{"line":12,"column":50},"end":{"line":22,"column":5}},"line":12}},"branchMap":{},"s":{"0":11,"1":11,"2":11,"3":11,"4":11,"5":11},"f":{"0":11,"1":11},"b":{},"_coverageSchema":"1a1c01bbd47fc00a2c39e90264f33305004495a9","hash":"9b6db135837d2a07cc24d503176f99ed3d05945c"}
,"C:\\Users\\Utilisateur\\Documents\\Dev\\www\\Home2Air-API__\\models\\tickets_commentaire.js": {"path":"C:\\Users\\Utilisateur\\Documents\\Dev\\www\\Home2Air-API__\\models\\tickets_commentaire.js","statementMap":{"0":{"start":{"line":4,"column":4},"end":{"line":4,"column":24}},"1":{"start":{"line":5,"column":16},"end":{"line":5,"column":36}},"2":{"start":{"line":6,"column":0},"end":{"line":33,"column":2}},"3":{"start":{"line":14,"column":6},"end":{"line":17,"column":9}},"4":{"start":{"line":18,"column":6},"end":{"line":21,"column":9}},"5":{"start":{"line":24,"column":2},"end":{"line":31,"column":5}},"6":{"start":{"line":32,"column":2},"end":{"line":32,"column":29}}},"fnMap":{"0":{"name":"(anonymous_0)","decl":{"start":{"line":6,"column":17},"end":{"line":6,"column":18}},"loc":{"start":{"line":6,"column":43},"end":{"line":33,"column":1}},"line":6},"1":{"name":"(anonymous_1)","decl":{"start":{"line":13,"column":4},"end":{"line":13,"column":5}},"loc":{"start":{"line":13,"column":38},"end":{"line":22,"column":5}},"line":13}},"branchMap":{},"s":{"0":11,"1":11,"2":11,"3":11,"4":11,"5":11,"6":11},"f":{"0":11,"1":11},"b":{},"_coverageSchema":"1a1c01bbd47fc00a2c39e90264f33305004495a9","hash":"e74d781937efdd58638f79cbe4831047e70d0781"}
,"C:\\Users\\Utilisateur\\Documents\\Dev\\www\\Home2Air-API__\\models\\user.js": {"path":"C:\\Users\\Utilisateur\\Documents\\Dev\\www\\Home2Air-API__\\models\\user.js","statementMap":{"0":{"start":{"line":4,"column":4},"end":{"line":4,"column":24}},"1":{"start":{"line":5,"column":14},"end":{"line":5,"column":32}},"2":{"start":{"line":6,"column":24},"end":{"line":6,"column":52}},"3":{"start":{"line":7,"column":0},"end":{"line":74,"column":2}},"4":{"start":{"line":15,"column":6},"end":{"line":20,"column":9}},"5":{"start":{"line":21,"column":6},"end":{"line":24,"column":9}},"6":{"start":{"line":25,"column":6},"end":{"line":28,"column":9}},"7":{"start":{"line":29,"column":6},"end":{"line":32,"column":9}},"8":{"start":{"line":33,"column":6},"end":{"line":36,"column":9}},"9":{"start":{"line":37,"column":6},"end":{"line":40,"column":9}},"10":{"start":{"line":41,"column":6},"end":{"line":44,"column":9}},"11":{"start":{"line":45,"column":6},"end":{"line":48,"column":9}},"12":{"start":{"line":49,"column":6},"end":{"line":52,"column":9}},"13":{"start":{"line":53,"column":6},"end":{"line":56,"column":9}},"14":{"start":{"line":59,"column":2},"end":{"line":72,"column":5}},"15":{"start":{"line":73,"column":2},"end":{"line":73,"column":14}}},"fnMap":{"0":{"name":"(anonymous_0)","decl":{"start":{"line":7,"column":17},"end":{"line":7,"column":18}},"loc":{"start":{"line":7,"column":43},"end":{"line":74,"column":1}},"line":7},"1":{"name":"(anonymous_1)","decl":{"start":{"line":14,"column":4},"end":{"line":14,"column":5}},"loc":{"start":{"line":14,"column":108},"end":{"line":57,"column":5}},"line":14}},"branchMap":{},"s":{"0":11,"1":11,"2":11,"3":11,"4":11,"5":11,"6":11,"7":11,"8":11,"9":11,"10":11,"11":11,"12":11,"13":11,"14":11,"15":11},"f":{"0":11,"1":11},"b":{},"_coverageSchema":"1a1c01bbd47fc00a2c39e90264f33305004495a9","hash":"72aed2e3f2f8fed6a66840391e2f64899e64cbf4"}
,"C:\\Users\\Utilisateur\\Documents\\Dev\\www\\Home2Air-API__\\models\\user_place_list.js": {"path":"C:\\Users\\Utilisateur\\Documents\\Dev\\www\\Home2Air-API__\\models\\user_place_list.js","statementMap":{"0":{"start":{"line":4,"column":4},"end":{"line":4,"column":24}},"1":{"start":{"line":5,"column":14},"end":{"line":5,"column":32}},"2":{"start":{"line":6,"column":13},"end":{"line":6,"column":30}},"3":{"start":{"line":7,"column":0},"end":{"line":25,"column":2}},"4":{"start":{"line":17,"column":2},"end":{"line":23,"column":5}},"5":{"start":{"line":24,"column":2},"end":{"line":24,"column":25}}},"fnMap":{"0":{"name":"(anonymous_0)","decl":{"start":{"line":7,"column":17},"end":{"line":7,"column":18}},"loc":{"start":{"line":7,"column":43},"end":{"line":25,"column":1}},"line":7},"1":{"name":"(anonymous_1)","decl":{"start":{"line":14,"column":4},"end":{"line":14,"column":5}},"loc":{"start":{"line":14,"column":29},"end":{"line":15,"column":5}},"line":14}},"branchMap":{},"s":{"0":11,"1":11,"2":11,"3":11,"4":11,"5":11},"f":{"0":11,"1":11},"b":{},"_coverageSchema":"1a1c01bbd47fc00a2c39e90264f33305004495a9","hash":"e4f022e2aac2e6479044c9af44f9c4c2143a2026"}
,"C:\\Users\\Utilisateur\\Documents\\Dev\\www\\Home2Air-API__\\routes\\auth.js": {"path":"C:\\Users\\Utilisateur\\Documents\\Dev\\www\\Home2Air-API__\\routes\\auth.js","statementMap":{"0":{"start":{"line":1,"column":16},"end":{"line":1,"column":34}},"1":{"start":{"line":2,"column":15},"end":{"line":2,"column":31}},"2":{"start":{"line":3,"column":23},"end":{"line":3,"column":63}},"3":{"start":{"line":8,"column":0},"end":{"line":8,"column":49}},"4":{"start":{"line":11,"column":0},"end":{"line":11,"column":24}}},"fnMap":{},"branchMap":{},"s":{"0":11,"1":11,"2":11,"3":11,"4":11},"f":{},"b":{},"_coverageSchema":"1a1c01bbd47fc00a2c39e90264f33305004495a9","hash":"a42604b1902efda7b1961557698b9fcfd9d107ae"}
,"C:\\Users\\Utilisateur\\Documents\\Dev\\www\\Home2Air-API__\\routes\\company.js": {"path":"C:\\Users\\Utilisateur\\Documents\\Dev\\www\\Home2Air-API__\\routes\\company.js","statementMap":{"0":{"start":{"line":1,"column":16},"end":{"line":1,"column":34}},"1":{"start":{"line":2,"column":15},"end":{"line":2,"column":31}},"2":{"start":{"line":3,"column":26},"end":{"line":3,"column":69}},"3":{"start":{"line":4,"column":13},"end":{"line":4,"column":42}},"4":{"start":{"line":7,"column":0},"end":{"line":7,"column":63}},"5":{"start":{"line":10,"column":0},"end":{"line":10,"column":66}},"6":{"start":{"line":13,"column":0},"end":{"line":13,"column":64}},"7":{"start":{"line":16,"column":0},"end":{"line":16,"column":76}},"8":{"start":{"line":19,"column":0},"end":{"line":19,"column":63}},"9":{"start":{"line":22,"column":0},"end":{"line":22,"column":63}},"10":{"start":{"line":25,"column":0},"end":{"line":25,"column":24}}},"fnMap":{},"branchMap":{},"s":{"0":11,"1":11,"2":11,"3":11,"4":11,"5":11,"6":11,"7":11,"8":11,"9":11,"10":11},"f":{},"b":{},"_coverageSchema":"1a1c01bbd47fc00a2c39e90264f33305004495a9","hash":"5ed4cfc63ff3bafa9bba123cdd6900d035212654"}
,"C:\\Users\\Utilisateur\\Documents\\Dev\\www\\Home2Air-API__\\routes\\invite.js": {"path":"C:\\Users\\Utilisateur\\Documents\\Dev\\www\\Home2Air-API__\\routes\\invite.js","statementMap":{"0":{"start":{"line":1,"column":25},"end":{"line":1,"column":67}},"1":{"start":{"line":2,"column":13},"end":{"line":2,"column":42}},"2":{"start":{"line":3,"column":16},"end":{"line":3,"column":34}},"3":{"start":{"line":4,"column":15},"end":{"line":4,"column":31}},"4":{"start":{"line":9,"column":0},"end":{"line":9,"column":64}},"5":{"start":{"line":12,"column":0},"end":{"line":12,"column":64}},"6":{"start":{"line":15,"column":0},"end":{"line":15,"column":61}},"7":{"start":{"line":18,"column":0},"end":{"line":18,"column":64}},"8":{"start":{"line":21,"column":0},"end":{"line":21,"column":24}}},"fnMap":{},"branchMap":{},"s":{"0":11,"1":11,"2":11,"3":11,"4":11,"5":11,"6":11,"7":11,"8":11},"f":{},"b":{},"_coverageSchema":"1a1c01bbd47fc00a2c39e90264f33305004495a9","hash":"1ad378050c4cf6bcb952663e8f15ed88b435a97b"}
,"C:\\Users\\Utilisateur\\Documents\\Dev\\www\\Home2Air-API__\\routes\\notifications.js": {"path":"C:\\Users\\Utilisateur\\Documents\\Dev\\www\\Home2Air-API__\\routes\\notifications.js","statementMap":{"0":{"start":{"line":1,"column":16},"end":{"line":1,"column":34}},"1":{"start":{"line":2,"column":15},"end":{"line":2,"column":31}},"2":{"start":{"line":3,"column":32},"end":{"line":3,"column":84}},"3":{"start":{"line":4,"column":13},"end":{"line":4,"column":42}},"4":{"start":{"line":10,"column":0},"end":{"line":10,"column":75}},"5":{"start":{"line":13,"column":0},"end":{"line":13,"column":78}},"6":{"start":{"line":16,"column":0},"end":{"line":16,"column":76}},"7":{"start":{"line":19,"column":0},"end":{"line":19,"column":88}},"8":{"start":{"line":22,"column":0},"end":{"line":22,"column":75}},"9":{"start":{"line":25,"column":0},"end":{"line":25,"column":75}},"10":{"start":{"line":28,"column":0},"end":{"line":28,"column":24}}},"fnMap":{},"branchMap":{},"s":{"0":11,"1":11,"2":11,"3":11,"4":11,"5":11,"6":11,"7":11,"8":11,"9":11,"10":11},"f":{},"b":{},"_coverageSchema":"1a1c01bbd47fc00a2c39e90264f33305004495a9","hash":"fedf74c211c254d1c7460688652f3441cc4eccdc"}
,"C:\\Users\\Utilisateur\\Documents\\Dev\\www\\Home2Air-API__\\routes\\place.js": {"path":"C:\\Users\\Utilisateur\\Documents\\Dev\\www\\Home2Air-API__\\routes\\place.js","statementMap":{"0":{"start":{"line":1,"column":16},"end":{"line":1,"column":34}},"1":{"start":{"line":2,"column":15},"end":{"line":2,"column":31}},"2":{"start":{"line":3,"column":24},"end":{"line":3,"column":65}},"3":{"start":{"line":4,"column":13},"end":{"line":4,"column":42}},"4":{"start":{"line":8,"column":0},"end":{"line":8,"column":59}},"5":{"start":{"line":11,"column":0},"end":{"line":11,"column":62}},"6":{"start":{"line":14,"column":0},"end":{"line":14,"column":60}},"7":{"start":{"line":17,"column":0},"end":{"line":17,"column":72}},"8":{"start":{"line":20,"column":0},"end":{"line":20,"column":63}},"9":{"start":{"line":23,"column":0},"end":{"line":23,"column":59}},"10":{"start":{"line":31,"column":0},"end":{"line":31,"column":24}}},"fnMap":{},"branchMap":{},"s":{"0":11,"1":11,"2":11,"3":11,"4":11,"5":11,"6":11,"7":11,"8":11,"9":11,"10":11},"f":{},"b":{},"_coverageSchema":"1a1c01bbd47fc00a2c39e90264f33305004495a9","hash":"f9c0a89709037d16f554ede52c2328d931ae7181"}
,"C:\\Users\\Utilisateur\\Documents\\Dev\\www\\Home2Air-API__\\routes\\probe.js": {"path":"C:\\Users\\Utilisateur\\Documents\\Dev\\www\\Home2Air-API__\\routes\\probe.js","statementMap":{"0":{"start":{"line":1,"column":16},"end":{"line":1,"column":34}},"1":{"start":{"line":2,"column":15},"end":{"line":2,"column":31}},"2":{"start":{"line":3,"column":24},"end":{"line":3,"column":65}},"3":{"start":{"line":5,"column":0},"end":{"line":5,"column":56}},"4":{"start":{"line":7,"column":0},"end":{"line":7,"column":24}}},"fnMap":{},"branchMap":{},"s":{"0":11,"1":11,"2":11,"3":11,"4":11},"f":{},"b":{},"_coverageSchema":"1a1c01bbd47fc00a2c39e90264f33305004495a9","hash":"8a97c7b6fd0c3965e3abd2186d2d52aa87609295"}
,"C:\\Users\\Utilisateur\\Documents\\Dev\\www\\Home2Air-API__\\routes\\roles.js": {"path":"C:\\Users\\Utilisateur\\Documents\\Dev\\www\\Home2Air-API__\\routes\\roles.js","statementMap":{"0":{"start":{"line":1,"column":16},"end":{"line":1,"column":34}},"1":{"start":{"line":2,"column":15},"end":{"line":2,"column":31}},"2":{"start":{"line":3,"column":24},"end":{"line":3,"column":65}},"3":{"start":{"line":4,"column":13},"end":{"line":4,"column":42}},"4":{"start":{"line":8,"column":0},"end":{"line":8,"column":53}},"5":{"start":{"line":11,"column":0},"end":{"line":11,"column":62}},"6":{"start":{"line":14,"column":0},"end":{"line":14,"column":60}},"7":{"start":{"line":17,"column":0},"end":{"line":17,"column":72}},"8":{"start":{"line":20,"column":0},"end":{"line":20,"column":63}},"9":{"start":{"line":23,"column":0},"end":{"line":23,"column":59}},"10":{"start":{"line":27,"column":0},"end":{"line":27,"column":24}}},"fnMap":{},"branchMap":{},"s":{"0":11,"1":11,"2":11,"3":11,"4":11,"5":11,"6":11,"7":11,"8":11,"9":11,"10":11},"f":{},"b":{},"_coverageSchema":"1a1c01bbd47fc00a2c39e90264f33305004495a9","hash":"fdafe3fdcaef99937c546d311b27424aa0467e3a"}
,"C:\\Users\\Utilisateur\\Documents\\Dev\\www\\Home2Air-API__\\routes\\room.js": {"path":"C:\\Users\\Utilisateur\\Documents\\Dev\\www\\Home2Air-API__\\routes\\room.js","statementMap":{"0":{"start":{"line":1,"column":16},"end":{"line":1,"column":34}},"1":{"start":{"line":2,"column":15},"end":{"line":2,"column":31}},"2":{"start":{"line":3,"column":23},"end":{"line":3,"column":63}},"3":{"start":{"line":4,"column":13},"end":{"line":4,"column":42}},"4":{"start":{"line":8,"column":0},"end":{"line":8,"column":57}},"5":{"start":{"line":11,"column":0},"end":{"line":11,"column":60}},"6":{"start":{"line":14,"column":0},"end":{"line":14,"column":58}},"7":{"start":{"line":17,"column":0},"end":{"line":17,"column":70}},"8":{"start":{"line":20,"column":0},"end":{"line":20,"column":61}},"9":{"start":{"line":23,"column":0},"end":{"line":23,"column":57}},"10":{"start":{"line":27,"column":0},"end":{"line":27,"column":24}}},"fnMap":{},"branchMap":{},"s":{"0":11,"1":11,"2":11,"3":11,"4":11,"5":11,"6":11,"7":11,"8":11,"9":11,"10":11},"f":{},"b":{},"_coverageSchema":"1a1c01bbd47fc00a2c39e90264f33305004495a9","hash":"96e22741f318128c53c9392d178dc022a46569af"}
,"C:\\Users\\Utilisateur\\Documents\\Dev\\www\\Home2Air-API__\\routes\\routes.js": {"path":"C:\\Users\\Utilisateur\\Documents\\Dev\\www\\Home2Air-API__\\routes\\routes.js","statementMap":{"0":{"start":{"line":1,"column":16},"end":{"line":1,"column":34}},"1":{"start":{"line":2,"column":15},"end":{"line":2,"column":31}},"2":{"start":{"line":3,"column":23},"end":{"line":3,"column":63}},"3":{"start":{"line":8,"column":0},"end":{"line":8,"column":40}},"4":{"start":{"line":11,"column":0},"end":{"line":11,"column":24}}},"fnMap":{},"branchMap":{},"s":{"0":11,"1":11,"2":11,"3":11,"4":11},"f":{},"b":{},"_coverageSchema":"1a1c01bbd47fc00a2c39e90264f33305004495a9","hash":"c959e7bd1a08b75d2ebbbd2fc5d9b2f5a8a9dc08"}
,"C:\\Users\\Utilisateur\\Documents\\Dev\\www\\Home2Air-API__\\routes\\sensor.js": {"path":"C:\\Users\\Utilisateur\\Documents\\Dev\\www\\Home2Air-API__\\routes\\sensor.js","statementMap":{"0":{"start":{"line":1,"column":16},"end":{"line":1,"column":34}},"1":{"start":{"line":2,"column":15},"end":{"line":2,"column":31}},"2":{"start":{"line":3,"column":25},"end":{"line":3,"column":67}},"3":{"start":{"line":4,"column":19},"end":{"line":4,"column":54}},"4":{"start":{"line":5,"column":13},"end":{"line":5,"column":42}},"5":{"start":{"line":9,"column":0},"end":{"line":9,"column":61}},"6":{"start":{"line":12,"column":0},"end":{"line":12,"column":64}},"7":{"start":{"line":15,"column":0},"end":{"line":15,"column":62}},"8":{"start":{"line":18,"column":0},"end":{"line":18,"column":74}},"9":{"start":{"line":21,"column":0},"end":{"line":21,"column":61}},"10":{"start":{"line":24,"column":0},"end":{"line":24,"column":67}},"11":{"start":{"line":27,"column":0},"end":{"line":27,"column":61}},"12":{"start":{"line":29,"column":0},"end":{"line":29,"column":24}}},"fnMap":{},"branchMap":{},"s":{"0":11,"1":11,"2":11,"3":11,"4":11,"5":11,"6":11,"7":11,"8":11,"9":11,"10":11,"11":11,"12":11},"f":{},"b":{},"_coverageSchema":"1a1c01bbd47fc00a2c39e90264f33305004495a9","hash":"5b0ab9e92bfcccb6c347b0423e50670f58b22cbd"}
,"C:\\Users\\Utilisateur\\Documents\\Dev\\www\\Home2Air-API__\\routes\\tickets.js": {"path":"C:\\Users\\Utilisateur\\Documents\\Dev\\www\\Home2Air-API__\\routes\\tickets.js","statementMap":{"0":{"start":{"line":1,"column":16},"end":{"line":1,"column":34}},"1":{"start":{"line":2,"column":15},"end":{"line":2,"column":31}},"2":{"start":{"line":3,"column":26},"end":{"line":3,"column":69}},"3":{"start":{"line":4,"column":13},"end":{"line":4,"column":42}},"4":{"start":{"line":8,"column":0},"end":{"line":8,"column":73}},"5":{"start":{"line":11,"column":0},"end":{"line":11,"column":76}},"6":{"start":{"line":14,"column":0},"end":{"line":14,"column":74}},"7":{"start":{"line":17,"column":0},"end":{"line":17,"column":86}},"8":{"start":{"line":20,"column":0},"end":{"line":20,"column":73}},"9":{"start":{"line":23,"column":0},"end":{"line":23,"column":73}},"10":{"start":{"line":27,"column":0},"end":{"line":27,"column":24}}},"fnMap":{},"branchMap":{},"s":{"0":11,"1":11,"2":11,"3":11,"4":11,"5":11,"6":11,"7":11,"8":11,"9":11,"10":11},"f":{},"b":{},"_coverageSchema":"1a1c01bbd47fc00a2c39e90264f33305004495a9","hash":"f530dd225efecb9ba646f9e282262e30666d2321"}
,"C:\\Users\\Utilisateur\\Documents\\Dev\\www\\Home2Air-API__\\routes\\user.js": {"path":"C:\\Users\\Utilisateur\\Documents\\Dev\\www\\Home2Air-API__\\routes\\user.js","statementMap":{"0":{"start":{"line":1,"column":16},"end":{"line":1,"column":34}},"1":{"start":{"line":2,"column":15},"end":{"line":2,"column":31}},"2":{"start":{"line":3,"column":23},"end":{"line":3,"column":63}},"3":{"start":{"line":4,"column":13},"end":{"line":4,"column":42}},"4":{"start":{"line":8,"column":0},"end":{"line":8,"column":51}},"5":{"start":{"line":11,"column":0},"end":{"line":11,"column":60}},"6":{"start":{"line":14,"column":0},"end":{"line":14,"column":58}},"7":{"start":{"line":17,"column":0},"end":{"line":17,"column":70}},"8":{"start":{"line":20,"column":0},"end":{"line":20,"column":61}},"9":{"start":{"line":23,"column":0},"end":{"line":23,"column":57}},"10":{"start":{"line":26,"column":0},"end":{"line":26,"column":24}}},"fnMap":{},"branchMap":{},"s":{"0":11,"1":11,"2":11,"3":11,"4":11,"5":11,"6":11,"7":11,"8":11,"9":11,"10":11},"f":{},"b":{},"_coverageSchema":"1a1c01bbd47fc00a2c39e90264f33305004495a9","hash":"09c329b942e177e1a48da8d62a5d08e9f6cd63a3"}
}
