TN:
SF:server.js
FN:27,(anonymous_0)
FNF:1
FNH:0
FNDA:0,(anonymous_0)
DA:1,11
DA:5,11
DA:8,11
DA:9,11
DA:11,11
DA:12,11
DA:27,11
DA:29,0
DA:31,11
LF:9
LH:8
BRF:0
BRH:0
end_of_record
TN:
SF:controllers\authController.js
FN:8,(anonymous_0)
FN:12,(anonymous_1)
FN:17,(anonymous_2)
FN:30,(anonymous_3)
FN:32,(anonymous_4)
FNF:5
FNH:0
FNDA:0,(anonymous_0)
FNDA:0,(anonymous_1)
FNDA:0,(anonymous_2)
FNDA:0,(anonymous_3)
FNDA:0,(anonymous_4)
DA:1,11
DA:2,11
DA:3,11
DA:4,11
DA:5,11
DA:6,11
DA:8,11
DA:9,0
DA:11,0
DA:13,0
DA:14,0
DA:16,0
DA:18,0
DA:19,0
DA:21,0
DA:30,0
DA:32,0
LF:17
LH:7
BRDA:13,0,0,0
BRDA:13,0,1,0
BRDA:18,1,0,0
BRDA:18,1,1,0
BRF:4
BRH:0
end_of_record
TN:
SF:controllers\companyController.js
FN:6,(anonymous_0)
FN:35,(anonymous_1)
FN:38,(anonymous_2)
FN:47,(anonymous_3)
FN:49,(anonymous_4)
FN:52,(anonymous_5)
FN:61,(anonymous_6)
FN:68,(anonymous_7)
FN:71,(anonymous_8)
FN:85,(anonymous_9)
FN:89,(anonymous_10)
FN:98,(anonymous_11)
FN:107,(anonymous_12)
FN:113,(anonymous_13)
FN:124,(anonymous_14)
FN:132,(anonymous_15)
FN:138,(anonymous_16)
FN:149,(anonymous_17)
FNF:18
FNH:0
FNDA:0,(anonymous_0)
FNDA:0,(anonymous_1)
FNDA:0,(anonymous_2)
FNDA:0,(anonymous_3)
FNDA:0,(anonymous_4)
FNDA:0,(anonymous_5)
FNDA:0,(anonymous_6)
FNDA:0,(anonymous_7)
FNDA:0,(anonymous_8)
FNDA:0,(anonymous_9)
FNDA:0,(anonymous_10)
FNDA:0,(anonymous_11)
FNDA:0,(anonymous_12)
FNDA:0,(anonymous_13)
FNDA:0,(anonymous_14)
FNDA:0,(anonymous_15)
FNDA:0,(anonymous_16)
FNDA:0,(anonymous_17)
DA:1,11
DA:2,11
DA:3,11
DA:6,11
DA:8,0
DA:9,0
DA:12,0
DA:14,0
DA:15,0
DA:18,0
DA:22,0
DA:32,0
DA:34,0
DA:36,0
DA:39,0
DA:47,11
DA:48,0
DA:50,0
DA:53,0
DA:61,11
DA:62,0
DA:64,0
DA:65,0
DA:66,0
DA:67,0
DA:69,0
DA:72,0
DA:78,0
DA:85,11
DA:86,0
DA:88,0
DA:90,0
DA:91,0
DA:93,0
DA:99,0
DA:107,11
DA:108,0
DA:110,0
DA:114,0
DA:115,0
DA:119,0
DA:125,0
DA:132,11
DA:133,0
DA:135,0
DA:139,0
DA:140,0
DA:144,0
DA:150,0
LF:49
LH:9
BRDA:8,0,0,0
BRDA:8,0,1,0
BRDA:14,1,0,0
BRDA:14,1,1,0
BRDA:14,2,0,0
BRDA:14,2,1,0
BRDA:14,2,2,0
BRDA:41,3,0,0
BRDA:41,3,1,0
BRDA:55,4,0,0
BRDA:55,4,1,0
BRDA:64,5,0,0
BRDA:64,5,1,0
BRDA:66,6,0,0
BRDA:66,6,1,0
BRDA:74,7,0,0
BRDA:74,7,1,0
BRDA:90,8,0,0
BRDA:90,8,1,0
BRDA:101,9,0,0
BRDA:101,9,1,0
BRDA:114,10,0,0
BRDA:114,10,1,0
BRDA:139,11,0,0
BRDA:139,11,1,0
BRF:25
BRH:0
end_of_record
TN:
SF:controllers\inviteController.js
FN:6,(anonymous_0)
FN:16,(anonymous_1)
FN:19,(anonymous_2)
FN:26,(anonymous_3)
FN:29,(anonymous_4)
FN:41,(anonymous_5)
FN:48,(anonymous_6)
FN:51,(anonymous_7)
FN:58,(anonymous_8)
FN:65,(anonymous_9)
FN:74,(anonymous_10)
FN:80,(anonymous_11)
FN:91,(anonymous_12)
FN:99,(anonymous_13)
FN:101,(anonymous_14)
FN:104,(anonymous_15)
FNF:16
FNH:0
FNDA:0,(anonymous_0)
FNDA:0,(anonymous_1)
FNDA:0,(anonymous_2)
FNDA:0,(anonymous_3)
FNDA:0,(anonymous_4)
FNDA:0,(anonymous_5)
FNDA:0,(anonymous_6)
FNDA:0,(anonymous_7)
FNDA:0,(anonymous_8)
FNDA:0,(anonymous_9)
FNDA:0,(anonymous_10)
FNDA:0,(anonymous_11)
FNDA:0,(anonymous_12)
FNDA:0,(anonymous_13)
FNDA:0,(anonymous_14)
FNDA:0,(anonymous_15)
DA:1,11
DA:2,11
DA:3,11
DA:6,11
DA:7,0
DA:8,0
DA:9,0
DA:15,0
DA:17,0
DA:20,0
DA:26,11
DA:27,0
DA:28,0
DA:30,0
DA:31,0
DA:36,0
DA:40,0
DA:42,0
DA:45,0
DA:49,0
DA:52,0
DA:59,0
DA:66,0
DA:74,11
DA:75,0
DA:77,0
DA:81,0
DA:82,0
DA:86,0
DA:92,0
DA:99,11
DA:100,0
DA:102,0
DA:105,0
LF:34
LH:7
BRDA:21,0,0,0
BRDA:21,0,1,0
BRDA:30,1,0,0
BRDA:30,1,1,0
BRDA:54,2,0,0
BRDA:54,2,1,0
BRDA:60,3,0,0
BRDA:60,3,1,0
BRDA:67,4,0,0
BRDA:67,4,1,0
BRDA:81,5,0,0
BRDA:81,5,1,0
BRDA:107,6,0,0
BRDA:107,6,1,0
BRF:14
BRH:0
end_of_record
TN:
SF:controllers\mainController.js
FN:4,(anonymous_0)
FNF:1
FNH:1
FNDA:1,(anonymous_0)
DA:4,11
DA:5,1
DA:6,1
DA:8,0
LF:4
LH:3
BRF:0
BRH:0
end_of_record
TN:
SF:controllers\notificationsController.js
FN:6,(anonymous_0)
FN:42,(anonymous_1)
FN:45,(anonymous_2)
FN:54,(anonymous_3)
FN:56,(anonymous_4)
FN:59,(anonymous_5)
FN:68,(anonymous_6)
FN:75,(anonymous_7)
FN:78,(anonymous_8)
FN:92,(anonymous_9)
FN:96,(anonymous_10)
FN:105,(anonymous_11)
FN:114,(anonymous_12)
FN:120,(anonymous_13)
FN:131,(anonymous_14)
FN:139,(anonymous_15)
FN:145,(anonymous_16)
FN:156,(anonymous_17)
FNF:18
FNH:0
FNDA:0,(anonymous_0)
FNDA:0,(anonymous_1)
FNDA:0,(anonymous_2)
FNDA:0,(anonymous_3)
FNDA:0,(anonymous_4)
FNDA:0,(anonymous_5)
FNDA:0,(anonymous_6)
FNDA:0,(anonymous_7)
FNDA:0,(anonymous_8)
FNDA:0,(anonymous_9)
FNDA:0,(anonymous_10)
FNDA:0,(anonymous_11)
FNDA:0,(anonymous_12)
FNDA:0,(anonymous_13)
FNDA:0,(anonymous_14)
FNDA:0,(anonymous_15)
FNDA:0,(anonymous_16)
FNDA:0,(anonymous_17)
DA:1,11
DA:2,11
DA:3,11
DA:6,11
DA:8,0
DA:9,0
DA:12,0
DA:14,0
DA:15,0
DA:18,0
DA:20,0
DA:21,0
DA:24,0
DA:28,0
DA:39,0
DA:41,0
DA:43,0
DA:46,0
DA:54,11
DA:55,0
DA:57,0
DA:60,0
DA:68,11
DA:69,0
DA:71,0
DA:72,0
DA:73,0
DA:74,0
DA:76,0
DA:79,0
DA:85,0
DA:92,11
DA:93,0
DA:95,0
DA:97,0
DA:98,0
DA:100,0
DA:106,0
DA:114,11
DA:115,0
DA:117,0
DA:121,0
DA:122,0
DA:126,0
DA:132,0
DA:139,11
DA:140,0
DA:142,0
DA:146,0
DA:147,0
DA:151,0
DA:157,0
LF:52
LH:9
BRDA:8,0,0,0
BRDA:8,0,1,0
BRDA:14,1,0,0
BRDA:14,1,1,0
BRDA:20,2,0,0
BRDA:20,2,1,0
BRDA:48,3,0,0
BRDA:48,3,1,0
BRDA:62,4,0,0
BRDA:62,4,1,0
BRDA:71,5,0,0
BRDA:71,5,1,0
BRDA:73,6,0,0
BRDA:73,6,1,0
BRDA:81,7,0,0
BRDA:81,7,1,0
BRDA:97,8,0,0
BRDA:97,8,1,0
BRDA:108,9,0,0
BRDA:108,9,1,0
BRDA:121,10,0,0
BRDA:121,10,1,0
BRDA:146,11,0,0
BRDA:146,11,1,0
BRF:24
BRH:0
end_of_record
TN:
SF:controllers\placeController.js
FN:7,(anonymous_0)
FN:23,(anonymous_1)
FN:29,(anonymous_2)
FN:32,(anonymous_3)
FN:38,(anonymous_4)
FN:46,(anonymous_5)
FN:48,(anonymous_6)
FN:51,(anonymous_7)
FN:60,(anonymous_8)
FN:67,(anonymous_9)
FN:70,(anonymous_10)
FN:84,(anonymous_11)
FN:88,(anonymous_12)
FN:97,(anonymous_13)
FN:106,(anonymous_14)
FN:112,(anonymous_15)
FN:123,(anonymous_16)
FN:131,(anonymous_17)
FN:137,(anonymous_18)
FN:148,(anonymous_19)
FNF:20
FNH:0
FNDA:0,(anonymous_0)
FNDA:0,(anonymous_1)
FNDA:0,(anonymous_2)
FNDA:0,(anonymous_3)
FNDA:0,(anonymous_4)
FNDA:0,(anonymous_5)
FNDA:0,(anonymous_6)
FNDA:0,(anonymous_7)
FNDA:0,(anonymous_8)
FNDA:0,(anonymous_9)
FNDA:0,(anonymous_10)
FNDA:0,(anonymous_11)
FNDA:0,(anonymous_12)
FNDA:0,(anonymous_13)
FNDA:0,(anonymous_14)
FNDA:0,(anonymous_15)
FNDA:0,(anonymous_16)
FNDA:0,(anonymous_17)
FNDA:0,(anonymous_18)
FNDA:0,(anonymous_19)
DA:1,11
DA:2,11
DA:3,11
DA:4,11
DA:7,11
DA:9,0
DA:10,0
DA:13,0
DA:17,0
DA:22,0
DA:24,0
DA:28,0
DA:30,0
DA:33,0
DA:39,0
DA:46,11
DA:47,0
DA:49,0
DA:52,0
DA:60,11
DA:61,0
DA:63,0
DA:64,0
DA:65,0
DA:66,0
DA:68,0
DA:71,0
DA:77,0
DA:84,11
DA:85,0
DA:87,0
DA:89,0
DA:90,0
DA:92,0
DA:98,0
DA:106,11
DA:107,0
DA:109,0
DA:113,0
DA:114,0
DA:118,0
DA:124,0
DA:131,11
DA:132,0
DA:134,0
DA:138,0
DA:139,0
DA:143,0
DA:149,0
LF:49
LH:10
BRDA:9,0,0,0
BRDA:9,0,1,0
BRDA:34,1,0,0
BRDA:34,1,1,0
BRDA:40,2,0,0
BRDA:40,2,1,0
BRDA:54,3,0,0
BRDA:54,3,1,0
BRDA:63,4,0,0
BRDA:63,4,1,0
BRDA:65,5,0,0
BRDA:65,5,1,0
BRDA:73,6,0,0
BRDA:73,6,1,0
BRDA:89,7,0,0
BRDA:89,7,1,0
BRDA:100,8,0,0
BRDA:100,8,1,0
BRDA:113,9,0,0
BRDA:113,9,1,0
BRDA:138,10,0,0
BRDA:138,10,1,0
BRF:22
BRH:0
end_of_record
TN:
SF:controllers\probeController.js
FN:4,getRandomFloat
FN:9,buildDummyDatas
FN:32,(anonymous_2)
FN:37,(anonymous_3)
FN:58,calculateAverage
FN:66,(anonymous_5)
FN:72,(anonymous_6)
FN:83,(anonymous_7)
FN:89,(anonymous_8)
FN:100,(anonymous_9)
FN:106,(anonymous_10)
FN:116,(anonymous_11)
FN:122,(anonymous_12)
FN:132,(anonymous_13)
FN:138,(anonymous_14)
FN:148,(anonymous_15)
FN:154,(anonymous_16)
FN:165,(anonymous_17)
FN:171,(anonymous_18)
FN:182,(anonymous_19)
FN:188,(anonymous_20)
FN:199,(anonymous_21)
FN:205,(anonymous_22)
FN:216,(anonymous_23)
FN:222,(anonymous_24)
FN:233,(anonymous_25)
FN:239,(anonymous_26)
FNF:27
FNH:5
FNDA:100,getRandomFloat
FNDA:1,buildDummyDatas
FNDA:1,(anonymous_2)
FNDA:10,(anonymous_3)
FNDA:10,calculateAverage
FNDA:0,(anonymous_5)
FNDA:0,(anonymous_6)
FNDA:0,(anonymous_7)
FNDA:0,(anonymous_8)
FNDA:0,(anonymous_9)
FNDA:0,(anonymous_10)
FNDA:0,(anonymous_11)
FNDA:0,(anonymous_12)
FNDA:0,(anonymous_13)
FNDA:0,(anonymous_14)
FNDA:0,(anonymous_15)
FNDA:0,(anonymous_16)
FNDA:0,(anonymous_17)
FNDA:0,(anonymous_18)
FNDA:0,(anonymous_19)
FNDA:0,(anonymous_20)
FNDA:0,(anonymous_21)
FNDA:0,(anonymous_22)
FNDA:0,(anonymous_23)
FNDA:0,(anonymous_24)
FNDA:0,(anonymous_25)
FNDA:0,(anonymous_26)
DA:1,11
DA:5,100
DA:10,1
DA:11,1
DA:12,10
DA:13,10
DA:14,10
DA:27,10
DA:29,1
DA:32,11
DA:33,1
DA:34,1
DA:36,1
DA:37,10
DA:41,1
DA:55,1
DA:59,10
DA:60,10
DA:61,100
DA:63,10
DA:66,11
DA:67,0
DA:73,0
DA:74,0
DA:76,0
DA:77,0
DA:83,11
DA:84,0
DA:90,0
DA:91,0
DA:93,0
DA:94,0
DA:100,11
DA:101,0
DA:107,0
DA:108,0
DA:110,0
DA:111,0
DA:116,11
DA:117,0
DA:123,0
DA:124,0
DA:126,0
DA:127,0
DA:132,11
DA:133,0
DA:139,0
DA:140,0
DA:142,0
DA:143,0
DA:148,11
DA:149,0
DA:155,0
DA:156,0
DA:158,0
DA:159,0
DA:165,11
DA:166,0
DA:172,0
DA:173,0
DA:175,0
DA:176,0
DA:182,11
DA:183,0
DA:189,0
DA:190,0
DA:192,0
DA:193,0
DA:199,11
DA:200,0
DA:206,0
DA:207,0
DA:209,0
DA:210,0
DA:216,11
DA:217,0
DA:223,0
DA:224,0
DA:226,0
DA:227,0
DA:233,11
DA:234,0
DA:240,0
DA:241,0
DA:243,0
DA:244,0
LF:86
LH:31
BRDA:73,0,0,0
BRDA:73,0,1,0
BRDA:90,1,0,0
BRDA:90,1,1,0
BRDA:107,2,0,0
BRDA:107,2,1,0
BRDA:123,3,0,0
BRDA:123,3,1,0
BRDA:139,4,0,0
BRDA:139,4,1,0
BRDA:155,5,0,0
BRDA:155,5,1,0
BRDA:172,6,0,0
BRDA:172,6,1,0
BRDA:189,7,0,0
BRDA:189,7,1,0
BRDA:206,8,0,0
BRDA:206,8,1,0
BRDA:223,9,0,0
BRDA:223,9,1,0
BRDA:240,10,0,0
BRDA:240,10,1,0
BRF:22
BRH:0
end_of_record
TN:
SF:controllers\rolesController.js
FN:6,(anonymous_0)
FN:22,(anonymous_1)
FN:25,(anonymous_2)
FN:33,(anonymous_3)
FN:35,(anonymous_4)
FN:38,(anonymous_5)
FN:47,(anonymous_6)
FN:54,(anonymous_7)
FN:57,(anonymous_8)
FN:71,(anonymous_9)
FN:75,(anonymous_10)
FN:84,(anonymous_11)
FN:93,(anonymous_12)
FN:99,(anonymous_13)
FN:110,(anonymous_14)
FN:118,(anonymous_15)
FN:124,(anonymous_16)
FN:135,(anonymous_17)
FNF:18
FNH:0
FNDA:0,(anonymous_0)
FNDA:0,(anonymous_1)
FNDA:0,(anonymous_2)
FNDA:0,(anonymous_3)
FNDA:0,(anonymous_4)
FNDA:0,(anonymous_5)
FNDA:0,(anonymous_6)
FNDA:0,(anonymous_7)
FNDA:0,(anonymous_8)
FNDA:0,(anonymous_9)
FNDA:0,(anonymous_10)
FNDA:0,(anonymous_11)
FNDA:0,(anonymous_12)
FNDA:0,(anonymous_13)
FNDA:0,(anonymous_14)
FNDA:0,(anonymous_15)
FNDA:0,(anonymous_16)
FNDA:0,(anonymous_17)
DA:1,11
DA:2,11
DA:3,11
DA:6,11
DA:8,0
DA:9,0
DA:12,0
DA:16,0
DA:19,0
DA:21,0
DA:23,0
DA:26,0
DA:33,11
DA:34,0
DA:36,0
DA:39,0
DA:47,11
DA:48,0
DA:50,0
DA:51,0
DA:52,0
DA:53,0
DA:55,0
DA:58,0
DA:64,0
DA:71,11
DA:72,0
DA:74,0
DA:76,0
DA:77,0
DA:79,0
DA:85,0
DA:93,11
DA:94,0
DA:96,0
DA:100,0
DA:101,0
DA:105,0
DA:111,0
DA:118,11
DA:119,0
DA:121,0
DA:125,0
DA:126,0
DA:130,0
DA:136,0
LF:46
LH:9
BRDA:8,0,0,0
BRDA:8,0,1,0
BRDA:27,1,0,0
BRDA:27,1,1,0
BRDA:41,2,0,0
BRDA:41,2,1,0
BRDA:50,3,0,0
BRDA:50,3,1,0
BRDA:52,4,0,0
BRDA:52,4,1,0
BRDA:60,5,0,0
BRDA:60,5,1,0
BRDA:76,6,0,0
BRDA:76,6,1,0
BRDA:87,7,0,0
BRDA:87,7,1,0
BRDA:100,8,0,0
BRDA:100,8,1,0
BRDA:125,9,0,0
BRDA:125,9,1,0
BRF:20
BRH:0
end_of_record
TN:
SF:controllers\roomController.js
FN:6,(anonymous_0)
FN:29,(anonymous_1)
FN:32,(anonymous_2)
FN:40,(anonymous_3)
FN:42,(anonymous_4)
FN:45,(anonymous_5)
FN:54,(anonymous_6)
FN:61,(anonymous_7)
FN:64,(anonymous_8)
FN:78,(anonymous_9)
FN:82,(anonymous_10)
FN:91,(anonymous_11)
FN:100,(anonymous_12)
FN:106,(anonymous_13)
FN:117,(anonymous_14)
FN:125,(anonymous_15)
FN:131,(anonymous_16)
FN:142,(anonymous_17)
FNF:18
FNH:1
FNDA:1,(anonymous_0)
FNDA:0,(anonymous_1)
FNDA:0,(anonymous_2)
FNDA:0,(anonymous_3)
FNDA:0,(anonymous_4)
FNDA:0,(anonymous_5)
FNDA:0,(anonymous_6)
FNDA:0,(anonymous_7)
FNDA:0,(anonymous_8)
FNDA:0,(anonymous_9)
FNDA:0,(anonymous_10)
FNDA:0,(anonymous_11)
FNDA:0,(anonymous_12)
FNDA:0,(anonymous_13)
FNDA:0,(anonymous_14)
FNDA:0,(anonymous_15)
FNDA:0,(anonymous_16)
FNDA:0,(anonymous_17)
DA:1,11
DA:2,11
DA:3,11
DA:6,11
DA:8,1
DA:9,0
DA:12,0
DA:14,0
DA:15,0
DA:18,0
DA:22,0
DA:26,0
DA:28,0
DA:30,0
DA:33,0
DA:40,11
DA:41,0
DA:43,0
DA:46,0
DA:54,11
DA:55,0
DA:57,0
DA:58,0
DA:59,0
DA:60,0
DA:62,0
DA:65,0
DA:71,0
DA:78,11
DA:79,0
DA:81,0
DA:83,0
DA:84,0
DA:86,0
DA:92,0
DA:100,11
DA:101,0
DA:103,0
DA:107,0
DA:108,0
DA:112,0
DA:118,0
DA:125,11
DA:126,0
DA:128,0
DA:132,0
DA:133,0
DA:137,0
DA:143,0
LF:49
LH:10
BRDA:8,0,0,0
BRDA:8,0,1,0
BRDA:14,1,0,0
BRDA:14,1,1,0
BRDA:34,2,0,0
BRDA:34,2,1,0
BRDA:48,3,0,0
BRDA:48,3,1,0
BRDA:57,4,0,0
BRDA:57,4,1,0
BRDA:59,5,0,0
BRDA:59,5,1,0
BRDA:67,6,0,0
BRDA:67,6,1,0
BRDA:83,7,0,0
BRDA:83,7,1,0
BRDA:94,8,0,0
BRDA:94,8,1,0
BRDA:107,9,0,0
BRDA:107,9,1,0
BRDA:132,10,0,0
BRDA:132,10,1,0
BRF:22
BRH:0
end_of_record
TN:
SF:controllers\sensorController.js
FN:6,(anonymous_0)
FN:31,(anonymous_1)
FN:34,(anonymous_2)
FN:42,(anonymous_3)
FN:44,(anonymous_4)
FN:47,(anonymous_5)
FN:56,(anonymous_6)
FN:63,(anonymous_7)
FN:66,(anonymous_8)
FN:80,(anonymous_9)
FN:84,(anonymous_10)
FN:93,(anonymous_11)
FN:102,(anonymous_12)
FN:108,(anonymous_13)
FN:119,(anonymous_14)
FN:127,(anonymous_15)
FN:133,(anonymous_16)
FN:144,(anonymous_17)
FNF:18
FNH:0
FNDA:0,(anonymous_0)
FNDA:0,(anonymous_1)
FNDA:0,(anonymous_2)
FNDA:0,(anonymous_3)
FNDA:0,(anonymous_4)
FNDA:0,(anonymous_5)
FNDA:0,(anonymous_6)
FNDA:0,(anonymous_7)
FNDA:0,(anonymous_8)
FNDA:0,(anonymous_9)
FNDA:0,(anonymous_10)
FNDA:0,(anonymous_11)
FNDA:0,(anonymous_12)
FNDA:0,(anonymous_13)
FNDA:0,(anonymous_14)
FNDA:0,(anonymous_15)
FNDA:0,(anonymous_16)
FNDA:0,(anonymous_17)
DA:1,11
DA:2,11
DA:3,11
DA:6,11
DA:8,0
DA:9,0
DA:12,0
DA:16,0
DA:28,0
DA:30,0
DA:32,0
DA:35,0
DA:42,11
DA:43,0
DA:45,0
DA:48,0
DA:56,11
DA:57,0
DA:59,0
DA:60,0
DA:61,0
DA:62,0
DA:64,0
DA:67,0
DA:73,0
DA:80,11
DA:81,0
DA:83,0
DA:85,0
DA:86,0
DA:88,0
DA:94,0
DA:102,11
DA:103,0
DA:105,0
DA:109,0
DA:110,0
DA:114,0
DA:120,0
DA:127,11
DA:128,0
DA:130,0
DA:134,0
DA:135,0
DA:139,0
DA:145,0
LF:46
LH:9
BRDA:8,0,0,0
BRDA:8,0,1,0
BRDA:36,1,0,0
BRDA:36,1,1,0
BRDA:50,2,0,0
BRDA:50,2,1,0
BRDA:59,3,0,0
BRDA:59,3,1,0
BRDA:61,4,0,0
BRDA:61,4,1,0
BRDA:69,5,0,0
BRDA:69,5,1,0
BRDA:85,6,0,0
BRDA:85,6,1,0
BRDA:96,7,0,0
BRDA:96,7,1,0
BRDA:109,8,0,0
BRDA:109,8,1,0
BRDA:134,9,0,0
BRDA:134,9,1,0
BRF:20
BRH:0
end_of_record
TN:
SF:controllers\ticketsController.js
FN:6,(anonymous_0)
FN:29,(anonymous_1)
FN:32,(anonymous_2)
FN:41,(anonymous_3)
FN:43,(anonymous_4)
FN:46,(anonymous_5)
FN:55,(anonymous_6)
FN:62,(anonymous_7)
FN:65,(anonymous_8)
FN:79,(anonymous_9)
FN:83,(anonymous_10)
FN:92,(anonymous_11)
FN:101,(anonymous_12)
FN:107,(anonymous_13)
FN:118,(anonymous_14)
FN:126,(anonymous_15)
FN:132,(anonymous_16)
FN:143,(anonymous_17)
FNF:18
FNH:0
FNDA:0,(anonymous_0)
FNDA:0,(anonymous_1)
FNDA:0,(anonymous_2)
FNDA:0,(anonymous_3)
FNDA:0,(anonymous_4)
FNDA:0,(anonymous_5)
FNDA:0,(anonymous_6)
FNDA:0,(anonymous_7)
FNDA:0,(anonymous_8)
FNDA:0,(anonymous_9)
FNDA:0,(anonymous_10)
FNDA:0,(anonymous_11)
FNDA:0,(anonymous_12)
FNDA:0,(anonymous_13)
FNDA:0,(anonymous_14)
FNDA:0,(anonymous_15)
FNDA:0,(anonymous_16)
FNDA:0,(anonymous_17)
DA:1,11
DA:2,11
DA:3,11
DA:6,11
DA:8,0
DA:9,0
DA:12,0
DA:14,0
DA:15,0
DA:18,0
DA:21,0
DA:26,0
DA:28,0
DA:30,0
DA:33,0
DA:41,11
DA:42,0
DA:44,0
DA:47,0
DA:55,11
DA:56,0
DA:58,0
DA:59,0
DA:60,0
DA:61,0
DA:63,0
DA:66,0
DA:72,0
DA:79,11
DA:80,0
DA:82,0
DA:84,0
DA:85,0
DA:87,0
DA:93,0
DA:101,11
DA:102,0
DA:104,0
DA:108,0
DA:109,0
DA:113,0
DA:119,0
DA:126,11
DA:127,0
DA:129,0
DA:133,0
DA:134,0
DA:138,0
DA:144,0
LF:49
LH:9
BRDA:8,0,0,0
BRDA:8,0,1,0
BRDA:14,1,0,0
BRDA:14,1,1,0
BRDA:35,2,0,0
BRDA:35,2,1,0
BRDA:49,3,0,0
BRDA:49,3,1,0
BRDA:58,4,0,0
BRDA:58,4,1,0
BRDA:60,5,0,0
BRDA:60,5,1,0
BRDA:68,6,0,0
BRDA:68,6,1,0
BRDA:84,7,0,0
BRDA:84,7,1,0
BRDA:95,8,0,0
BRDA:95,8,1,0
BRDA:108,9,0,0
BRDA:108,9,1,0
BRDA:133,10,0,0
BRDA:133,10,1,0
BRF:22
BRH:0
end_of_record
TN:
SF:controllers\userController.js
FN:9,(anonymous_0)
FN:54,(anonymous_1)
FN:57,(anonymous_2)
FN:66,(anonymous_3)
FN:70,(anonymous_4)
FN:73,(anonymous_5)
FN:83,(anonymous_6)
FN:90,(anonymous_7)
FN:93,(anonymous_8)
FN:107,(anonymous_9)
FN:111,(anonymous_10)
FN:120,(anonymous_11)
FN:129,(anonymous_12)
FN:135,(anonymous_13)
FN:146,(anonymous_14)
FN:155,(anonymous_15)
FN:161,(anonymous_16)
FN:172,(anonymous_17)
FNF:18
FNH:0
FNDA:0,(anonymous_0)
FNDA:0,(anonymous_1)
FNDA:0,(anonymous_2)
FNDA:0,(anonymous_3)
FNDA:0,(anonymous_4)
FNDA:0,(anonymous_5)
FNDA:0,(anonymous_6)
FNDA:0,(anonymous_7)
FNDA:0,(anonymous_8)
FNDA:0,(anonymous_9)
FNDA:0,(anonymous_10)
FNDA:0,(anonymous_11)
FNDA:0,(anonymous_12)
FNDA:0,(anonymous_13)
FNDA:0,(anonymous_14)
FNDA:0,(anonymous_15)
FNDA:0,(anonymous_16)
FNDA:0,(anonymous_17)
DA:1,11
DA:2,11
DA:4,11
DA:5,11
DA:6,11
DA:9,11
DA:11,0
DA:12,0
DA:15,0
DA:17,0
DA:18,0
DA:21,0
DA:23,0
DA:24,0
DA:27,0
DA:29,0
DA:30,0
DA:33,0
DA:36,0
DA:38,0
DA:51,0
DA:53,0
DA:55,0
DA:58,0
DA:66,11
DA:67,0
DA:71,0
DA:74,0
DA:83,11
DA:84,0
DA:86,0
DA:87,0
DA:88,0
DA:89,0
DA:91,0
DA:94,0
DA:100,0
DA:107,11
DA:108,0
DA:110,0
DA:112,0
DA:113,0
DA:115,0
DA:121,0
DA:129,11
DA:130,0
DA:132,0
DA:136,0
DA:137,0
DA:141,0
DA:147,0
DA:155,11
DA:156,0
DA:158,0
DA:162,0
DA:163,0
DA:167,0
DA:173,0
LF:58
LH:11
BRDA:11,0,0,0
BRDA:11,0,1,0
BRDA:17,1,0,0
BRDA:17,1,1,0
BRDA:23,2,0,0
BRDA:23,2,1,0
BRDA:29,3,0,0
BRDA:29,3,1,0
BRDA:60,4,0,0
BRDA:60,4,1,0
BRDA:77,5,0,0
BRDA:77,5,1,0
BRDA:86,6,0,0
BRDA:86,6,1,0
BRDA:88,7,0,0
BRDA:88,7,1,0
BRDA:96,8,0,0
BRDA:96,8,1,0
BRDA:112,9,0,0
BRDA:112,9,1,0
BRDA:123,10,0,0
BRDA:123,10,1,0
BRDA:136,11,0,0
BRDA:136,11,1,0
BRDA:162,12,0,0
BRDA:162,12,1,0
BRF:26
BRH:0
end_of_record
TN:
SF:middleware\adminCheck.js
FN:7,adminCheck
FN:13,(anonymous_1)
FN:19,(anonymous_2)
FN:25,(anonymous_3)
FNF:4
FNH:0
FNDA:0,adminCheck
FNDA:0,(anonymous_1)
FNDA:0,(anonymous_2)
FNDA:0,(anonymous_3)
DA:1,11
DA:2,11
DA:3,11
DA:4,11
DA:5,11
DA:8,0
DA:9,0
DA:11,0
DA:13,0
DA:14,0
DA:15,0
DA:17,0
DA:18,0
DA:20,0
DA:21,0
DA:23,0
DA:25,0
DA:29,11
LF:18
LH:6
BRDA:9,0,0,0
BRDA:9,0,1,0
BRDA:11,1,0,0
BRDA:11,1,1,0
BRDA:14,2,0,0
BRDA:14,2,1,0
BRDA:20,3,0,0
BRDA:20,3,1,0
BRF:8
BRH:0
end_of_record
TN:
SF:middleware\auth.js
FN:6,auth
FN:13,(anonymous_1)
FNF:2
FNH:0
FNDA:0,auth
FNDA:0,(anonymous_1)
DA:1,11
DA:2,11
DA:3,11
DA:4,11
DA:7,0
DA:8,0
DA:9,0
DA:11,0
DA:13,0
DA:14,0
DA:15,0
DA:17,0
DA:18,0
DA:22,11
LF:14
LH:5
BRDA:9,0,0,0
BRDA:9,0,1,0
BRDA:11,1,0,0
BRDA:11,1,1,0
BRDA:14,2,0,0
BRDA:14,2,1,0
BRF:6
BRH:0
end_of_record
TN:
SF:models\company.js
FN:5,(anonymous_0)
FN:12,(anonymous_1)
FNF:2
FNH:2
FNDA:11,(anonymous_0)
FNDA:11,(anonymous_1)
DA:4,11
DA:5,11
DA:13,11
DA:19,11
DA:32,11
LF:5
LH:5
BRF:0
BRH:0
end_of_record
TN:
SF:models\index.js
FN:21,(anonymous_0)
FN:24,(anonymous_1)
FN:29,(anonymous_2)
FNF:3
FNH:3
FNDA:187,(anonymous_0)
FNDA:165,(anonymous_1)
FNDA:165,(anonymous_2)
DA:3,11
DA:4,11
DA:5,11
DA:6,11
DA:7,11
DA:8,11
DA:9,11
DA:10,11
DA:13,11
DA:14,0
DA:16,11
DA:19,11
DA:22,187
DA:25,165
DA:26,165
DA:29,11
DA:30,165
DA:31,165
DA:35,11
DA:36,11
DA:38,11
LF:21
LH:20
BRDA:8,0,0,11
BRDA:8,0,1,0
BRDA:13,1,0,0
BRDA:13,1,1,11
BRDA:22,2,0,187
BRDA:22,2,1,187
BRDA:22,2,2,176
BRDA:30,3,0,165
BRDA:30,3,1,0
BRF:9
BRH:6
end_of_record
TN:
SF:models\invites.js
FN:5,(anonymous_0)
FN:12,(anonymous_1)
FNF:2
FNH:2
FNDA:11,(anonymous_0)
FNDA:11,(anonymous_1)
DA:4,11
DA:5,11
DA:13,11
DA:17,11
DA:21,11
DA:27,11
DA:36,11
LF:7
LH:7
BRF:0
BRH:0
end_of_record
TN:
SF:models\notifications.js
FN:5,(anonymous_0)
FN:12,(anonymous_1)
FNF:2
FNH:2
FNDA:11,(anonymous_0)
FNDA:11,(anonymous_1)
DA:4,11
DA:5,11
DA:13,11
DA:17,11
DA:21,11
DA:25,11
DA:31,11
DA:45,11
LF:8
LH:8
BRF:0
BRH:0
end_of_record
TN:
SF:models\notifications_icon.js
FN:5,(anonymous_0)
FN:12,(anonymous_1)
FNF:2
FNH:2
FNDA:11,(anonymous_0)
FNDA:11,(anonymous_1)
DA:4,11
DA:5,11
DA:13,11
DA:19,11
DA:25,11
LF:5
LH:5
BRF:0
BRH:0
end_of_record
TN:
SF:models\notifications_messages.js
FN:5,(anonymous_0)
FN:12,(anonymous_1)
FNF:2
FNH:2
FNDA:11,(anonymous_0)
FNDA:11,(anonymous_1)
DA:4,11
DA:5,11
DA:15,11
DA:21,11
LF:4
LH:4
BRF:0
BRH:0
end_of_record
TN:
SF:models\notifications_sound.js
FN:5,(anonymous_0)
FN:12,(anonymous_1)
FNF:2
FNH:2
FNDA:11,(anonymous_0)
FNDA:11,(anonymous_1)
DA:4,11
DA:5,11
DA:13,11
DA:19,11
DA:25,11
LF:5
LH:5
BRF:0
BRH:0
end_of_record
TN:
SF:models\notifications_types.js
FN:5,(anonymous_0)
FN:12,(anonymous_1)
FNF:2
FNH:2
FNDA:11,(anonymous_0)
FNDA:11,(anonymous_1)
DA:4,11
DA:5,11
DA:13,11
DA:19,11
DA:25,11
LF:5
LH:5
BRF:0
BRH:0
end_of_record
TN:
SF:models\place.js
FN:5,(anonymous_0)
FN:12,(anonymous_1)
FNF:2
FNH:2
FNDA:11,(anonymous_0)
FNDA:11,(anonymous_1)
DA:4,11
DA:5,11
DA:13,11
DA:19,11
DA:23,11
DA:27,11
DA:33,11
DA:41,11
LF:8
LH:8
BRF:0
BRH:0
end_of_record
TN:
SF:models\roles.js
FN:5,(anonymous_0)
FN:12,(anonymous_1)
FNF:2
FNH:2
FNDA:11,(anonymous_0)
FNDA:11,(anonymous_1)
DA:4,11
DA:5,11
DA:13,11
DA:19,11
DA:25,11
LF:5
LH:5
BRF:0
BRH:0
end_of_record
TN:
SF:models\room.js
FN:5,(anonymous_0)
FN:12,(anonymous_1)
FNF:2
FNH:2
FNDA:11,(anonymous_0)
FNDA:11,(anonymous_1)
DA:4,11
DA:5,11
DA:13,11
DA:17,11
DA:23,11
DA:31,11
LF:6
LH:6
BRF:0
BRH:0
end_of_record
TN:
SF:models\sensor.js
FN:7,(anonymous_0)
FN:14,(anonymous_1)
FNF:2
FNH:2
FNDA:11,(anonymous_0)
FNDA:11,(anonymous_1)
DA:4,11
DA:5,11
DA:6,11
DA:7,11
DA:15,11
DA:19,11
DA:25,11
DA:36,11
LF:8
LH:8
BRF:0
BRH:0
end_of_record
TN:
SF:models\tickets.js
FN:5,(anonymous_0)
FN:12,(anonymous_1)
FNF:2
FNH:2
FNDA:11,(anonymous_0)
FNDA:11,(anonymous_1)
DA:4,11
DA:5,11
DA:13,11
DA:17,11
DA:24,11
DA:32,11
LF:6
LH:6
BRF:0
BRH:0
end_of_record
TN:
SF:models\tickets_commentaire.js
FN:6,(anonymous_0)
FN:13,(anonymous_1)
FNF:2
FNH:2
FNDA:11,(anonymous_0)
FNDA:11,(anonymous_1)
DA:4,11
DA:5,11
DA:6,11
DA:14,11
DA:18,11
DA:24,11
DA:32,11
LF:7
LH:7
BRF:0
BRH:0
end_of_record
TN:
SF:models\user.js
FN:7,(anonymous_0)
FN:14,(anonymous_1)
FNF:2
FNH:2
FNDA:11,(anonymous_0)
FNDA:11,(anonymous_1)
DA:4,11
DA:5,11
DA:6,11
DA:7,11
DA:15,11
DA:21,11
DA:25,11
DA:29,11
DA:33,11
DA:37,11
DA:41,11
DA:45,11
DA:49,11
DA:53,11
DA:59,11
DA:73,11
LF:16
LH:16
BRF:0
BRH:0
end_of_record
TN:
SF:models\user_place_list.js
FN:7,(anonymous_0)
FN:14,(anonymous_1)
FNF:2
FNH:2
FNDA:11,(anonymous_0)
FNDA:11,(anonymous_1)
DA:4,11
DA:5,11
DA:6,11
DA:7,11
DA:17,11
DA:24,11
LF:6
LH:6
BRF:0
BRH:0
end_of_record
TN:
SF:routes\auth.js
FNF:0
FNH:0
DA:1,11
DA:2,11
DA:3,11
DA:8,11
DA:11,11
LF:5
LH:5
BRF:0
BRH:0
end_of_record
TN:
SF:routes\company.js
FNF:0
FNH:0
DA:1,11
DA:2,11
DA:3,11
DA:4,11
DA:7,11
DA:10,11
DA:13,11
DA:16,11
DA:19,11
DA:22,11
DA:25,11
LF:11
LH:11
BRF:0
BRH:0
end_of_record
TN:
SF:routes\invite.js
FNF:0
FNH:0
DA:1,11
DA:2,11
DA:3,11
DA:4,11
DA:9,11
DA:12,11
DA:15,11
DA:18,11
DA:21,11
LF:9
LH:9
BRF:0
BRH:0
end_of_record
TN:
SF:routes\notifications.js
FNF:0
FNH:0
DA:1,11
DA:2,11
DA:3,11
DA:4,11
DA:10,11
DA:13,11
DA:16,11
DA:19,11
DA:22,11
DA:25,11
DA:28,11
LF:11
LH:11
BRF:0
BRH:0
end_of_record
TN:
SF:routes\place.js
FNF:0
FNH:0
DA:1,11
DA:2,11
DA:3,11
DA:4,11
DA:8,11
DA:11,11
DA:14,11
DA:17,11
DA:20,11
DA:23,11
DA:31,11
LF:11
LH:11
BRF:0
BRH:0
end_of_record
TN:
SF:routes\probe.js
FNF:0
FNH:0
DA:1,11
DA:2,11
DA:3,11
DA:5,11
DA:7,11
LF:5
LH:5
BRF:0
BRH:0
end_of_record
TN:
SF:routes\roles.js
FNF:0
FNH:0
DA:1,11
DA:2,11
DA:3,11
DA:4,11
DA:8,11
DA:11,11
DA:14,11
DA:17,11
DA:20,11
DA:23,11
DA:27,11
LF:11
LH:11
BRF:0
BRH:0
end_of_record
TN:
SF:routes\room.js
FNF:0
FNH:0
DA:1,11
DA:2,11
DA:3,11
DA:4,11
DA:8,11
DA:11,11
DA:14,11
DA:17,11
DA:20,11
DA:23,11
DA:27,11
LF:11
LH:11
BRF:0
BRH:0
end_of_record
TN:
SF:routes\routes.js
FNF:0
FNH:0
DA:1,11
DA:2,11
DA:3,11
DA:8,11
DA:11,11
LF:5
LH:5
BRF:0
BRH:0
end_of_record
TN:
SF:routes\sensor.js
FNF:0
FNH:0
DA:1,11
DA:2,11
DA:3,11
DA:4,11
DA:5,11
DA:9,11
DA:12,11
DA:15,11
DA:18,11
DA:21,11
DA:24,11
DA:27,11
DA:29,11
LF:13
LH:13
BRF:0
BRH:0
end_of_record
TN:
SF:routes\tickets.js
FNF:0
FNH:0
DA:1,11
DA:2,11
DA:3,11
DA:4,11
DA:8,11
DA:11,11
DA:14,11
DA:17,11
DA:20,11
DA:23,11
DA:27,11
LF:11
LH:11
BRF:0
BRH:0
end_of_record
TN:
SF:routes\user.js
FNF:0
FNH:0
DA:1,11
DA:2,11
DA:3,11
DA:4,11
DA:8,11
DA:11,11
DA:14,11
DA:17,11
DA:20,11
DA:23,11
DA:26,11
LF:11
LH:11
BRF:0
BRH:0
end_of_record
